accelerometer_timestamp	accelerometer_x_data	accelerometer_y_data	accelerometer_z_data
1493855343359	-1.5417023	4.332611	9.970062
1493855343378	-1.6824036	3.543518	10.362503
1493855343399	-2.802887	2.7645874	10.1154785
1493855343418	-3.3115845	2.614212	10.097076
1493855343438	-2.5709534	3.2515564	9.089691
1493855343458	-1.5626373	3.483139	8.864502
1493855343479	-1.0997314	2.3272705	9.68013
1493855343498	-1.2994232	1.062088	10.310379
1493855343518	-0.7926483	1.1166077	9.584763
1493855343537	-0.57177734	2.1457825	8.723831
1493855343557	-0.37358093	3.018219	8.8489685
1493855343577	-0.5928955	2.8463898	7.724228
1493855343597	-2.7839966	1.9514313	8.710999
1493855343617	-3.6075592	0.6784363	9.646149
1493855343637	-0.27590942	1.9782867	11.328934
1493855343657	1.1212311	3.311737	11.276138
1493855343676	2.1145477	3.6826935	8.945938
1493855343696	-2.1467133	1.7872009	7.3200836
1493855343716	-0.8015137	2.2494202	8.453415
1493855343736	-0.7263794	2.6569214	10.1740265
1493855343756	0.12789917	3.443039	8.449753
1493855343776	0.64993286	4.054367	6.735016
1493855343796	0.53370667	2.715454	9.6050415
1493855343816	-1.028595	1.4129944	11.406525
1493855343835	-1.0764008	3.2132568	10.48082
1493855343855	0.64663696	4.1081085	9.4640045
1493855343875	0.99768066	4.838196	8.071075
1493855343895	-0.33573914	3.649292	8.3146515
1493855343915	-0.3750763	2.7316284	8.401169
1493855343935	1.2286987	2.7660675	5.4127045
1493855343965	3.1113129	1.4472809	4.0128326
1493855343994	5.9330444	-0.65660095	6.6609344
1493855344014	6.0653534	-4.8246613	7.174469
1493855344035	3.5028534	-6.606186	3.1123962
1493855344054	0.8603363	-6.8834534	-0.5239563
1493855344074	-1.7435913	-11.035919	-3.2858582
1493855344094	3.1828766	-8.913422	-4.47612
1493855344113	5.3090057	-9.96106	-5.8439484
1493855344133	3.4598846	-15.417404	-2.9841156
1493855344154	5.3738556	-19.181	-2.4095917
1493855344173	11.020462	-19.474823	3.284134
1493855344193	16.481644	-19.474823	13.714035
1493855344213	19.461044	-18.803696	13.933792
1493855344233	19.461044	-14.312881	10.376724
1493855344253	19.461044	-9.05307	7.1932983
1493855344273	19.461044	-5.6470337	5.111206
1493855344292	19.461044	-3.5488586	3.8736572
1493855344312	19.461044	-1.8135071	2.7386932
1493855344332	19.461044	-0.98197937	0.13928223
1493855344352	18.525055	-2.2697144	-2.5671844
1493855344372	14.438705	-4.10553	-4.007431
1493855344392	6.629898	-7.6456757	-8.221176
1493855344412	-1.806961	-11.060669	-13.323486
1493855344431	0.4177246	-5.84581	-1.6869965
1493855344451	-4.8800964	-9.0894165	1.0223694
1493855344471	-3.4788818	-10.308151	-0.26023865
1493855344491	0.28105164	-10.323181	1.0315857
1493855344511	5.565918	-8.820877	2.5131073
1493855344531	8.446976	-7.568329	3.3583374
1493855344550	8.698105	-7.3851776	0.4579773
1493855344571	7.9451904	-7.9220123	-1.4459076
1493855344590	5.9431763	-8.474655	-1.7099609
1493855344610	5.9372864	-7.86026	-1.9230347
1493855344630	9.009415	-5.7684784	-0.28918457
1493855344650	11.603073	-4.2402496	0.088897705
1493855344670	11.857925	-4.8216248	-0.45266724
1493855344690	12.39212	-4.5433807	-1.3916168
1493855344709	12.764755	-4.3983307	-2.2570343
1493855344729	14.241348	-3.7931976	-1.6909485
1493855344751	16.941635	-2.3851166	-1.2518158
1493855344769	13.488388	-3.1927032	-2.6219025
1493855344791	3.9677734	-5.7667084	-1.1988373
1493855344809	-0.14860535	-5.1274567	-2.1452484
1493855344829	-1.1594696	-4.0053864	-4.393631
1493855344849	0.113357544	-3.1787415	-3.9139252
1493855344869	3.5010834	-1.5959167	-2.1305847
1493855344889	0.46183777	-1.5818787	-1.7662659
1493855344914	0.3039093	-4.7995605	0.47406006
1493855344928	2.8931122	-6.068619	5.1352844
1493855344948	11.830795	-7.356735	0.46827698
1493855344968	18.33664	-9.225494	-0.5791321
1493855344988	19.280502	-9.777359	2.2048492
1493855345008	15.084915	-12.825562	1.100174
1493855345027	9.507492	-13.912796	-0.67108154
1493855345047	6.1884155	-12.031555	2.5013428
1493855345067	3.9120026	-6.6724396	0.927948
1493855345087	5.2302094	-1.9755402	3.3960114
1493855345107	9.234009	-2.3409576	0.10017395
1493855345127	8.575745	-4.6150208	-1.993515
1493855345147	9.500153	-5.453369	-0.05192566
1493855345166	8.586029	-6.0820923	0.53370667
1493855345186	7.498337	-7.7942047	-0.1387024
1493855345206	6.889969	-9.182678	0.12831116
1493855345226	8.192505	-6.3841705	0.28071594
1493855345246	6.146759	-7.2298737	2.40065
1493855345266	11.786179	-7.113388	-2.1141205
1493855345286	2.8180237	7.988022	-0.86668396
1493855345306	-5.606888	0.6817322	0.7856598
1493855345325	-2.2142487	-9.242477	2.8574524
1493855345346	1.6538544	-13.317627	6.956131
1493855345365	5.588257	-11.06131	-1.329956
1493855345385	-0.24591064	-9.294067	-1.4800568
1493855345405	3.3046875	-0.14562988	2.8468018
1493855345425	-1.010315	-5.5349426	5.7453766
1493855345464	0.26504517	-7.7668915	2.4094086
1493855345484	-5.0657196	-11.536621	5.812149
1493855345504	-3.08815	-9.257233	2.5948944
1493855345524	-1.0700531	-11.461243	-0.9040985
1493855345544	-3.306656	-19.414398	-3.3709412
1493855345564	9.231705	-18.154419	-0.025268555
1493855345584	0.61605835	-13.370682	2.191208
1493855345604	-1.637085	-12.819504	-5.3500824
1493855345623	1.5800018	-11.313461	-1.1969604
1493855345643	4.7673798	-11.04332	-3.344864
1493855345663	5.8738403	-11.516541	-3.5764618
1493855345683	7.921524	-13.278946	-3.4084473
1493855345703	6.7460785	-15.524796	-4.155777
1493855345723	4.8316345	-14.825699	-1.7247925
1493855345743	2.0776215	-12.996902	0.20533752
1493855345763	-1.9734497	-11.758606	4.667282
1493855345782	-2.3726501	-10.880722	8.161942
1493855345802	-2.2877045	-11.183685	9.765396
1493855345822	1.9566803	-11.4170685	1.1903534
1493855345842	3.0619965	-13.515366	-3.1636505
1493855345862	2.722824	-13.457443	0.2700653
1493855345882	2.7767487	-12.081543	4.0324097
1493855345902	1.9376678	-9.978973	3.7886047
1493855345922	0.24630737	-8.401733	2.4224243
1493855345941	-0.91241455	-7.4563904	2.4699097
1493855345961	-1.1947021	-7.0476227	3.0370636
1493855345981	-0.73898315	-7.273468	3.1894836
1493855346001	-0.37831116	-7.3500214	3.6741333
1493855346021	-1.2093964	-6.1612854	4.6699677
1493855346041	-2.9811707	-4.5033417	4.9432983
1493855346061	-3.9383392	-4.392685	3.5036163
1493855346080	-3.5139465	-6.3138275	-0.122787476
1493855346100	-3.4744873	-9.427399	-5.7464447
1493855346120	-1.5248108	-13.869766	-13.558533
1493855346140	5.7316895	-17.884552	-14.832901
1493855346160	9.065796	-17.075562	-7.6607666
1493855346180	4.3813477	-11.949768	-3.2537994
1493855346200	0.9854889	-6.4147034	-0.7936859
1493855346220	-0.38102722	-4.13472	1.0547028
1493855346240	-1.359909	-10.118393	-1.5041656
1493855346259	-0.64971924	-17.427414	-2.2876892
1493855346279	-1.339447	-15.499924	1.5143127
1493855346299	-3.995346	-7.492447	1.7730865
1493855346319	-8.366852	-2.5023804	6.3186035
1493855346339	-7.2938995	-4.8854523	10.779434
1493855346359	-1.7614746	-10.423691	7.201599
1493855346378	3.1272736	-13.491821	2.4488678
1493855346398	7.086548	-13.690353	1.3495941
1493855346418	6.018875	-11.520416	1.5557404
1493855346438	0.6230469	-9.565704	2.3644562
1493855346458	-3.207306	-8.771301	1.4972992
1493855346478	-4.451309	-8.994949	1.0245514
1493855346498	-3.076828	-9.385651	0.82640076
1493855346518	-0.8000641	-9.6853485	0.15188599
1493855383204	0.72862244	-8.8329315	-0.14701843
1493855383204	1.633606	-7.824768	0.5847931
1493855383204	1.9036255	-8.137039	1.609436
1493855383204	1.5245361	-9.589874	1.1987915
1493855383204	1.1182861	-10.935379	0.038024902
1493855383204	1.2524414	-10.614685	-1.8683014
1493855383204	1.9174042	-10.897247	-2.4907227
1493855383204	1.3057404	-12.202164	-1.7545776
1493855383204	-0.6065674	-12.214706	-2.5509796
1493855383204	1.081604	-12.290939	-3.6617584
1493855383204	3.896576	-12.640305	-2.8363647
1493855383204	5.1266327	-12.935135	-4.0457306
1493855383204	5.8446198	-14.853455	-4.61145
1493855383204	4.571213	-14.903931	-4.135269
1493855383205	0.7097168	-14.245056	-2.0752716
1493855383205	-1.1972809	-12.845535	2.8153992
1493855383205	-0.7002411	-13.31456	6.7180176
1493855383205	0.034988403	-14.623428	6.2082825
1493855383205	-1.8487091	-16.482788	2.7213898
1493855383205	-2.1948395	-16.35965	-1.9301453
1493855383205	2.3329163	-12.058456	-0.4089203
1493855383205	3.6029968	-9.964554	1.6772003
1493855383205	2.918991	-8.753693	1.2975616
1493855383205	0.6880951	-7.040634	1.0464325
1493855383205	-1.536911	-5.2552185	2.8200226
1493855383205	-2.8995667	-3.4237366	3.3437653
1493855383205	-3.8648071	-3.431015	3.1899567
1493855383205	-3.8162537	-3.9764862	3.387268
1493855383205	-3.9065704	-4.2342224	3.5991058
1493855383205	-4.0218506	-3.058792	4.477539
1493855383205	-3.7567902	-3.317749	4.0428467
1493855383205	-2.0177765	-5.618164	2.4096985
1493855383205	-0.8397217	-11.02092	-3.9425964
1493855383205	0.36502075	-18.573425	-19.722397
1493855383205	8.522293	-19.474823	-16.73352
1493855383205	7.4697876	-17.469116	-1.0084686
1493855383205	-0.4810791	-6.1572266	-3.289856
1493855383205	-2.68721	0.6529236	0.08042908
1493855383205	-0.26081848	-0.60847473	6.4361877
1493855383205	-2.3539581	-12.579803	6.307953
1493855383205	-2.8100128	-19.474823	-3.1087952
1493855383205	2.052185	-16.238007	-4.1867676
1493855383205	-2.155716	-5.7988586	13.000137
1493855383205	-8.118851	-4.344925	9.640579
1493855383205	-7.8097687	-7.407669	3.130127
1493855383205	0.13548279	-10.431808	5.9812927
1493855383205	6.2898865	-13.410828	3.1786804
1493855383205	7.0825653	-14.32608	-0.4184265
1493855383205	1.5027161	-11.065704	3.6148682
1493855383205	-4.266037	-10.276947	1.2147522
1493855383206	-3.9538727	-9.227432	0.7129059
1493855383206	-0.17030334	-8.758606	0.6843109
1493855383206	1.5569916	-8.505692	-0.5585022
1493855383206	1.457428	-8.693665	-0.47409058
1493855383206	0.77201843	-9.141205	0.6865082
1493855383206	0.39749146	-9.4665985	1.6773224
1493855383206	0.8007202	-9.76059	1.3693237
1493855383206	1.5584869	-9.858124	0.25213623
1493855383206	2.190277	-9.596863	-1.6821136
1493855383206	3.225708	-9.65834	-2.035019
1493855383206	3.5579987	-10.2109375	-0.20257568
1493855383206	1.5110321	-10.717209	-1.2307129
1493855383206	0.1734314	-10.993561	-2.7217865
1493855383206	2.1118622	-11.222748	-2.015503
1493855383206	4.109329	-12.497055	-3.226471
1493855383206	4.9905853	-14.971115	-4.9196625
1493855383206	3.3438263	-15.61441	-6.5001373
1493855383206	0.13578796	-14.291107	-2.9764557
1493855383206	-1.1276245	-12.609741	1.8581848
1493855383206	-1.1828308	-12.321533	5.1793213
1493855383206	-1.3816833	-14.235519	4.1593475
1493855383206	-2.7653046	-16.799438	0.6494751
1493855383206	-3.623291	-17.70076	-0.15361023
1493855383206	-0.27618408	-13.9778595	-0.147995
1493855383206	3.8055725	-10.271652	0.86891174
1493855383206	3.941452	-8.872879	0.9544678
1493855383206	1.9541016	-7.686554	1.4972534
1493855383206	-0.8773804	-6.686615	2.7405243
1493855383206	-2.5944214	-5.262375	3.337799
1493855383206	-2.927353	-4.185608	3.4264374
1493855383206	-2.950943	-4.3771667	3.3526
1493855383206	-2.805664	-4.211624	3.8892975
1493855383206	-3.4072113	-3.1113129	4.3840485
1493855383206	-4.4546356	-1.8766022	4.6612244
1493855383206	-3.6864624	-3.0168457	3.6058197
1493855383206	-1.3764496	-7.471283	-1.1739197
1493855383206	-2.4259644	-14.571671	-15.865051
1493855383206	3.8340454	-19.048141	-19.51529
1493855383206	7.8292236	-19.474823	-7.7080383
1493855383206	2.2930603	-9.209763	-3.094223
1493855383207	-0.83084106	-1.5654755	-2.7077026
1493855383207	-1.9986725	-1.6664124	3.4503174
1493855383207	-4.182022	-14.010071	2.3726196
1493855383207	-3.8140106	-19.367233	4.4270782
1493855383207	3.0009918	-19.18666	-13.242004
1493855383207	-0.6318512	-6.672928	12.230225
1493855383207	-7.7349854	-2.860077	14.185852
1493855383207	-9.284302	-7.3174896	3.7732086
1493855383207	-2.274414	-10.87442	5.6862183
1493855383207	4.2429657	-12.187576	6.114441
1493855383207	6.433258	-13.309692	1.2571716
1493855383207	4.147064	-12.392639	-0.49194336
1493855383207	-0.19393921	-10.453354	0.36779785
1493855383207	-0.9009094	-8.842346	2.1671753
1493855383207	-0.1723938	-8.564606	0.7311249
1493855383207	1.2678223	-8.514572	0.0051574707
1493855383208	1.4761353	-8.71228	-0.1803894
1493855383208	1.4548798	-8.704132	-0.54034424
1493855383208	1.6897583	-8.925262	-0.23098755
1493855383208	1.9202423	-9.539963	0.81333923
1493855383208	1.8848267	-10.041382	0.99243164
1493855383208	1.5487976	-10.2859955	-0.58621216
1493855383208	1.7138062	-10.360062	-1.9576263
1493855383208	2.0808563	-10.842148	-2.5269623
1493855383208	1.0439911	-11.036682	-1.9695435
1493855383208	-0.35972595	-11.327499	-2.0613098
1493855383208	0.81069946	-11.830994	-1.7981567
1493855383208	3.0205994	-12.623718	-2.5494843
1493855383208	5.474106	-14.281876	-3.8797455
1493855383208	6.1805573	-15.527924	-2.8374329
1493855383208	2.644287	-14.91774	-3.2987213
1493855383208	-2.25885	-13.689819	-0.7295532
1493855383208	-4.8658752	-12.800934	5.130432
1493855383208	-4.5562286	-13.538147	5.7152557
1493855383208	-3.2773743	-15.215363	2.5161743
1493855383208	-2.7587128	-15.6091	-1.365509
1493855383208	-0.63191223	-13.139618	-1.2018585
1493855383208	5.2380066	-8.902985	9.217255
1493855383208	5.6706085	-7.811142	10.820343
1493855383208	0.49865723	-8.47905	1.776001
1493855383208	0.1979065	-7.1793976	1.5892181
1493855383208	-0.98651123	-5.428787	2.1980286
1493855383208	-2.9164581	-3.8530273	3.9311066
1493855383208	-3.3609772	-3.3765106	4.1237335
1493855383208	-3.3750153	-3.471939	3.9327087
1493855383209	-3.5800781	-2.978531	4.04039
1493855383209	-3.1179504	-2.1884308	3.9902039
1493855383209	-1.3248444	-3.3869476	2.8370972
1493855383209	-0.7808838	-8.205765	-1.7514954
1493855383209	-3.1516418	-16.15297	-13.880341
1493855383209	4.0960693	-19.474823	-19.722397
1493855383209	8.103058	-18.044144	-8.578934
1493855383209	3.0219421	-8.886948	-1.8410645
1493855383209	-4.0070953	-3.3085175	2.1110535
1493855383209	-3.7455444	-9.401321	3.2406158
1493855383209	-0.84884644	-17.39737	4.5634155
1493855383209	0.28530884	-16.175385	-3.8542633
1493855383209	-3.7535095	-5.2943573	1.7544861
1493855383209	-7.015518	0.40447998	15.69519
1493855383209	-6.910385	-7.1691895	9.779144
1493855383209	-0.92536926	-14.879364	3.106903
1493855383209	5.9934998	-15.290909	2.8272247
1493855383209	6.778351	-12.141632	1.2760773
1493855383209	2.8969574	-9.625595	1.4211578
1493855383209	-1.8770599	-8.360504	1.6986237
1493855383209	-4.331711	-9.185928	0.7180023
1493855383209	-2.3244934	-9.902832	0.4091797
1493855383209	0.021224976	-9.063675	-0.07600403
1493855383209	1.6019135	-7.8058777	-0.25213623
1493855383209	1.9377289	-7.6077576	0.048065186
1493855383209	1.5110779	-8.400482	0.6077728
1493855383209	0.9434204	-9.177383	1.5572052
1493855383209	0.5213928	-10.006714	1.2525787
1493855383209	0.21165466	-10.821075	-0.54881287
1493855383209	0.6262207	-10.419632	-3.0477142
1493855383209	2.4174347	-10.659561	-3.7663574
1493855383209	2.773758	-12.23172	-1.448349
1493855383209	1.806839	-12.468246	-1.1194305
1493855383209	1.7360535	-12.683121	-1.9322815
1493855383209	3.3286133	-12.8754425	-3.2296143
1493855383209	6.2209473	-14.050217	-5.3076324
1493855383209	5.830719	-15.165939	-2.4328918
1493855383209	0.5991974	-14.3302765	-4.580002
1493855383209	-5.437149	-13.656738	-0.2735138
1493855383209	-7.7198486	-12.6944275	5.971237
1493855383210	-7.7279816	-13.738281	6.3542175
1493855383210	-5.3578186	-14.847046	3.6992035
1493855383210	-4.407654	-15.635986	-0.5417175
1493855383210	-0.66223145	-13.538681	-1.8161774
1493855383210	5.159561	-10.02298	1.3052368
1493855383210	4.72847	-8.640381	1.4703674
1493855383210	1.8950043	-7.6776123	0.4537964
1493855383210	-0.46577454	-6.17601	1.380539
1493855383210	-2.1125946	-4.284683	3.0960693
1493855383210	-3.057953	-2.442337	3.9877014
1493855383210	-3.442047	-2.1949158	3.9458923
1493855383210	-3.1791534	-2.5465088	3.6213837
1493855383210	-2.6707764	-2.2684937	2.8072662
1493855383210	-1.4075775	-2.3790283	2.6990204
1493855383210	-0.13708496	-4.3748627	1.6115875
1493855383210	0.53863525	-9.863449	-5.338623
1493855383210	2.3888245	-16.624817	-15.818863
1493855383210	4.843567	-19.474823	-16.262573
1493855383210	3.1970673	-16.118774	-7.7849426
1493855383210	0.35824585	-6.3778687	-2.3562622
1493855383210	-3.8417053	-2.2439728	1.4813995
1493855383210	-6.49234	-9.721497	5.0951843
1493855383210	-3.4395142	-15.826141	3.5040894
1493855383210	-0.77967834	-13.318878	-0.06448364
1493855383210	-1.0711823	-5.6792603	6.9782257
1493855383210	-5.119995	-2.8620758	13.405441
1493855383210	-5.503601	-9.298752	7.467865
1493855383210	-0.32635498	-14.458099	4.0295715
1493855383210	4.606949	-13.149948	3.6421661
1493855383210	4.499649	-11.196686	1.6542969
1493855383210	1.1758575	-9.920334	1.2437134
1493855383210	-2.44841	-9.407532	1.5901489
1493855383210	-3.6285095	-9.253677	1.404541
1493855383210	-1.6617737	-9.318176	0.653656
1493855383210	-0.0054473877	-9.182098	1.2803802
1493855383210	0.95095825	-8.771622	0.9996643
1493855383210	1.4242706	-8.560593	-0.28181458
1493855383211	1.4028625	-8.795975	-0.36001587
1493855383211	1.4445801	-9.270294	0.6494293
1493855383211	1.1431122	-9.67836	1.9717255
1493855383211	1.2181091	-10.396683	1.0795593
1493855383211	2.098297	-10.733337	-2.101532
1493855383211	3.5686493	-11.116409	-3.3153381
1493855383211	3.9113922	-11.962936	-1.6258698
1493855383211	2.079239	-11.771164	-1.545105
1493855383211	1.2608643	-11.560684	-2.0425873
1493855383211	2.5378113	-11.67218	-2.4720764
1493855383211	3.9151764	-13.40242	-4.588135
1493855383211	4.5807953	-16.216309	-3.1670837
1493855383211	2.7331848	-15.4674835	-4.063675
1493855383211	-1.632431	-14.34877	-4.9535065
1493855383211	-3.4378357	-13.203293	5.0153046
1493855383211	-2.839737	-12.713562	10.570251
1493855383211	-2.2489014	-13.680145	5.7125854
1493855383211	-1.6436462	-16.031845	-3.7014923
1493855383212	-0.49040222	-15.079483	-2.5038605
1493855383212	2.8148499	-10.871048	2.1931763
1493855383212	2.9190674	-9.015686	3.5131073
1493855383212	0.8147888	-7.8029327	2.5006256
1493855383212	-2.1576233	-7.8872223	2.0400543
1493855383212	-0.8991089	-5.7938232	1.7836914
1493855383212	-2.1603699	-5.1282196	2.5827942
1493855383212	-1.5461273	-4.2394257	2.7712555
1493855383213	-2.4803314	-4.5069885	3.0776367
1493855383213	-3.8212585	-3.482666	3.446457
1493855383213	-4.757477	-1.2639923	5.6203613
1493855383213	-4.278961	-1.7616119	3.3372192
1493855383213	-1.3754578	-6.4654236	-1.2410278
1493855383213	1.0405731	-14.091736	-13.436111
1493855383213	4.275711	-19.474823	-18.42073
1493855383213	4.0960846	-18.376251	-6.1093445
1493855383213	1.0010376	-9.150009	-4.5371704
1493855383213	-1.5663452	-7.356079	-2.1615295
1493855383213	-2.2621613	-13.748459	1.3127594
1493855383213	0.6096344	-15.7296295	2.9961243
1493855383213	-1.0459442	-13.077728	0.13542175
1493855383213	-5.8101196	-6.400833	3.9754639
1493855383217	-7.855316	-2.3688812	9.4401245
1493855383218	-6.624634	-4.0870056	7.0321045
1493855383218	-0.40150452	-10.935043	6.7991333
1493855383218	5.011612	-13.7270355	4.346222
1493855383218	7.300308	-13.437164	0.90766907
1493855383218	4.7517242	-10.607208	0.17585754
1493855383218	0.15789795	-8.669266	2.1720276
1493855383218	-2.5448914	-8.888947	1.7190399
1493855383218	-2.7099152	-9.262802	1.01651
1493855383218	-1.7136993	-9.93425	0.5303192
1493855383218	-0.3942566	-9.523422	0.7881317
1493855383218	0.9721222	-9.061249	-0.61964417
1493855383218	1.7438202	-9.1614685	-0.5770874
1493855383218	1.8456116	-9.587082	0.26927185
1493855383218	1.3920593	-9.851135	0.76000977
1493855383218	1.10289	-9.816193	0.19795227
1493855383218	2.0412903	-9.784363	-0.9860382
1493855383218	3.389679	-10.508194	-1.3142395
1493855383218	3.2227173	-11.707977	-0.94566345
1493855383218	1.1859283	-12.155273	-2.1184692
1493855383218	0.6450348	-11.819107	-3.8950195
1493855383218	3.429016	-11.426559	-3.776352
1493855383218	6.463257	-12.5546875	-3.5345612
1493855383218	7.066803	-14.581985	-2.675354
1493855383218	3.1467285	-15.301422	-2.6167145
1493855383218	-2.5110474	-14.937576	1.4641876
1493855383218	-4.7996216	-14.2715	6.875107
1493855383218	-4.1012573	-14.199844	5.655014
1493855383220	-2.6288757	-15.092468	2.2176666
1493855383220	-2.6962128	-15.901993	0.48309326
1493855383220	-1.7024231	-13.596802	0.66116333
1493855383220	1.3029022	-10.276611	2.13826
1493855383220	3.5533295	-8.997284	2.3996582
1493855383220	2.609146	-8.773239	2.0941772
1493855383220	-0.0031738281	-7.9058685	2.2054596
1493855383220	-2.7748413	-6.3124847	2.9974518
1493855383220	-3.4751587	-4.1391907	3.5697632
1493855383220	-3.631195	-3.390152	3.5229034
1493855383220	-3.9728699	-3.3213654	3.4259338
1493855383220	-4.114685	-2.223404	4.1174164
1493855383221	-3.9886017	-1.6468506	4.263489
1493855383221	-1.7682037	-3.3660736	1.9152222
1493855383221	-0.4441986	-7.151596	-1.6374359
1493855383221	1.2872467	-16.445007	-16.521881
1493855383221	7.9399414	-19.284866	-19.722397
1493855383221	4.969864	-17.541718	-4.2660217
1493855383221	0.3007202	-8.31134	-3.0182037
1493855383221	-4.5646667	-6.7205505	-2.1593475
1493855383221	-6.908142	-14.660095	-4.901245
1493855383221	2.1226044	-15.639801	2.8766327
1493855383221	1.8392487	-9.426163	7.072464
1493855383221	-4.216385	-3.933487	4.1462708
1493855383221	-6.9559174	-4.412796	10.16806
1493855383221	-5.3124084	-10.571472	7.272354
1493855383221	-0.33094788	-14.150558	5.6370087
1493855383221	5.699356	-12.899887	2.1187592
1493855383221	6.043091	-11.141449	-0.07447815
1493855383221	2.9329681	-10.358856	0.14195251
1493855383221	-0.72198486	-9.094162	2.2900696
1493855383221	-3.3201447	-9.367966	1.585434
1493855383221	-3.3831024	-9.397598	0.09062195
1493855383221	-1.7114105	-8.808258	-0.7451019
1493855383221	0.13743591	-8.211288	-0.23730469
1493855383221	0.94096375	-7.8355865	0.7610321
1493855383221	0.8521881	-8.311661	0.49855042
1493855383221	0.9022217	-9.085724	0.49583435
1493855383221	1.7935181	-9.4188385	0.78001404
1493855383221	1.9990082	-9.808319	0.73983765
1493855383221	2.2539673	-10.558929	-1.5169067
1493855383221	2.945572	-11.222916	-2.5976257
1493855383221	2.6175842	-12.216202	-2.4428253
1493855383221	1.1926422	-12.520569	-3.0404053
1493855383221	1.7349548	-12.062668	-3.288391
1493855383221	4.0144196	-12.468063	-3.0340729
1493855383221	6.7516937	-14.046936	-3.980713
1493855383221	6.484375	-15.82283	-2.1872406
1493855383221	0.883255	-15.615814	-1.620575
1493855383221	-4.7981567	-14.579651	2.6231537
1493855383221	-5.9976807	-13.078369	6.1043396
1493855383222	-5.0246887	-13.9895935	5.159958
1493855383222	-3.3908844	-16.332901	1.5327911
1493855383222	-3.0172272	-15.886261	-0.052642822
1493855383222	-0.690567	-12.238647	1.141571
1493855383222	2.6569977	-9.5703125	2.7444305
1493855383222	3.407898	-8.883743	2.4450684
1493855383222	1.5144501	-8.291824	2.0321503
1493855383222	-0.8522339	-6.9823914	2.353302
1493855383222	-3.1554413	-5.2680206	3.437439
1493855383222	-3.8438873	-3.4296875	4.4933014
1493855383222	-4.1056824	-2.615387	4.494278
1493855383222	-4.1253204	-1.8903656	4.2335663
1493855383222	-3.8371887	-1.3490753	3.813919
1493855383222	-2.5114288	-2.5539856	2.2587433
1493855383222	-0.042129517	-5.869629	-3.1096497
1493855383222	3.1254883	-13.498474	-13.795837
1493855383222	5.5814514	-18.930298	-19.722397
1493855383222	5.0579834	-17.846695	-10.446365
1493855383222	1.9173279	-11.57692	-2.8316193
1493855383222	-3.3934479	-11.216293	-2.41008
1493855383222	-6.05542	-16.644363	-4.4978485
1493855383222	-0.76249695	-15.527069	0.09121704
1493855383222	-1.194107	-7.106842	8.330887
1493855383222	-7.173706	-0.67866516	7.6609344
1493855383222	-8.127106	-2.3439484	10.063187
1493855383222	-3.0402527	-11.236191	7.403305
1493855383222	2.788437	-16.554932	5.1852875
1493855383222	7.998413	-14.959183	1.3557129
1493855383222	6.475006	-10.954544	-0.44210815
1493855383223	1.8392029	-8.429489	0.7953949
1493855383223	-1.9339142	-8.332123	1.9611206
1493855383223	-3.8581238	-9.592194	1.3112183
1493855383223	-3.1447144	-9.735138	0.24014282
1493855383223	-1.2736816	-8.809326	-0.13259888
1493855383223	0.3319397	-7.659424	0.19467163
1493855383223	1.4456635	-7.871994	0.5144501
1493855383223	1.3311157	-8.918518	0.5271301
1493855383223	0.60289	-9.679047	0.7100525
1493855383223	0.9320221	-9.715759	0.7681427
1493855383223	1.5247345	-9.824997	0.14247131
1493855383223	1.9033356	-9.952103	-1.8232269
1493855383223	2.0499268	-10.725906	-2.2797241
1493855383223	0.42010498	-11.845215	0.08129883
1493855383223	-1.1043701	-11.565826	-1.2258301
1493855383223	-0.23342896	-11.590851	-3.1517334
1493855383223	3.5455322	-11.818451	-1.7511902
1493855383223	6.553772	-12.68515	-4.1924744
1493855383223	8.90593	-15.451141	-2.5446014
1493855383223	2.9172516	-15.612259	-5.029709
1493855383223	-3.6639404	-14.758255	-1.6268616
1493855383223	-4.2863617	-13.402191	3.6584625
1493855383223	-3.2907715	-13.216003	5.406769
1493855383223	-3.8753967	-14.67804	4.693527
1493855383223	-5.549408	-16.49791	2.4508972
1493855383223	-3.8739624	-13.817764	-0.5744324
1493855383223	-0.0032043457	-10.860168	-0.6989441
1493855383223	5.034088	-8.598877	1.7306061
1493855383223	4.4087524	-8.532318	0.9127655
1493855383223	0.8730316	-7.350586	0.48257446
1493855383223	-1.3803864	-5.939377	1.6566162
1493855383223	-2.8166351	-4.842209	3.5728912
1493855383224	-3.4443665	-3.8486938	3.2077484
1493855383224	-4.094696	-4.0963287	2.9044952
1493855383224	-3.4958496	-3.3473358	3.3670807
1493855383224	-2.6715393	-2.099762	3.953415
1493855383224	-2.164322	-2.6089325	3.5187073
1493855383224	-1.4908295	-5.4943695	1.595047
1493855383224	-1.1959991	-11.386978	-6.7063904
1493855383224	2.1122742	-18.003265	-18.404633
1493855383224	8.670685	-19.324707	-15.554092
1493855383224	5.7270203	-15.638168	-4.9250946
1493855383224	0.71769714	-6.503479	-1.5336609
1493855383224	-2.632309	-3.4645233	1.990448
1493855383224	-5.947708	-9.1521	3.8352509
1493855383224	-5.4832916	-16.189941	0.38293457
1493855383224	-1.740982	-15.53331	-4.109497
1493855383224	0.91322327	-9.882431	-0.46577454
1493855383224	-2.1712646	-4.8007507	12.181885
1493855383224	-5.488312	-6.96286	8.890945
1493855383224	-2.9224854	-10.897308	3.4533997
1493855383224	2.0312958	-11.817169	4.5371094
1493855383224	4.571045	-12.005341	3.904953
1493855383224	3.3702393	-11.694794	1.1186981
1493855383224	0.13656616	-10.452866	0.92922974
1493855383224	-1.9773407	-9.598541	1.3656616
1493855383224	-2.8315125	-8.940567	1.9612274
1493855383224	-2.5200195	-8.510681	1.4825897
1493855383224	-0.8387146	-8.406616	0.3086853
1493855383224	1.1675568	-8.4965515	0.2584839
1493855383224	2.5281677	-8.659851	0.30586243
1493855383224	2.604538	-9.091995	0.5648804
1493855383224	1.8040771	-9.557678	1.125473
1493855383224	1.0091858	-9.367004	0.7716675
1493855383224	1.4568939	-9.162186	-1.0380402
1493855383225	2.7022552	-10.070541	-1.5717163
1493855383225	2.735382	-11.385483	-0.7129669
1493855383225	0.9714966	-11.788605	-1.4360504
1493855383225	0.03239441	-11.9197235	-2.0845032
1493855383225	1.6736755	-11.946838	-1.7339783
1493855383225	3.8470001	-12.600357	-3.262146
1493855383225	6.08873	-14.338821	-3.43396
1493855383225	5.872574	-15.192795	-1.8908844
1493855383225	0.11584473	-14.734039	-5.7988434
1493855383225	-4.130615	-13.8029785	-1.3728638
1493855383225	-4.608734	-12.205246	4.8723145
1493855383225	-4.054245	-12.464447	6.6535645
1493855383225	-3.676529	-14.7894745	4.0977173
1493855383225	-3.5868835	-16.459076	-0.7393036
1493855383225	-0.6286011	-14.376709	-1.8328094
1493855383225	3.9299622	-11.241425	0.5018921
1493855383225	3.6920624	-10.218628	2.69635
1493855383225	0.539978	-8.980576	2.0387115
1493855383225	-1.6551666	-7.4305573	1.8908691
1493855383225	-3.330597	-5.627945	2.8463135
1493855383225	-3.6450958	-4.3338013	3.591156
1493855383225	-2.8805847	-3.689911	3.1340485
1493855383225	-2.9819336	-4.047577	2.775299
1493855383225	-3.098465	-2.7529755	2.997879
1493855383225	-3.3760986	-0.88027954	4.517807
1493855383225	-3.4323578	-1.6380463	3.77005
1493855383225	-1.2378998	-4.3703766	1.5343323
1493855383225	-0.46995544	-11.481216	-6.8529205
1493855383225	4.3001404	-19.474823	-19.402145
1493855383225	9.952957	-18.940063	-13.598328
1493855383225	3.4632568	-11.669754	-2.5544739
1493855383225	-1.5584717	-3.8879547	-2.4937592
1493855383225	-9.381424	-10.801346	0.40048218
1493855383226	-3.2315063	-16.060455	4.113922
1493855383226	1.660553	-13.900055	1.1022186
1493855383226	0.027404785	-5.1924744	5.899994
1493855383226	-6.4969788	-1.7281647	10.551102
1493855383226	-6.7801666	-6.454773	10.639816
1493855383226	-0.8420563	-14.8554535	3.8806458
1493855383226	4.6851807	-14.826569	4.071457
1493855383226	6.7125397	-11.715637	1.0593109
1493855383226	3.648697	-9.690811	0.24726868
1493855383226	-0.16575623	-9.088226	1.5654297
1493855383226	-2.2825928	-8.945175	1.9816742
1493855383226	-2.5973206	-9.390823	1.3727722
1493855383226	-1.2270966	-9.510101	0.24079895
1493855383226	0.54048157	-8.658463	-0.30978394
1493855383226	2.657608	-8.188782	-1.0554352
1493855383226	3.6100464	-8.330353	-1.5668488
1493855383226	2.677353	-8.668716	-0.52389526
1493855383226	0.12297058	-9.607407	1.0041046
1493855383226	-1.155716	-10.149063	0.36860657
1493855383226	-0.6443939	-10.287506	-1.5432281
1493855383226	0.40605164	-10.724274	-1.2059631
1493855383226	0.40763855	-11.27829	0.2141571
1493855383226	0.4674225	-11.567368	-0.5466461
1493855383226	2.2060547	-12.156662	-2.340744
1493855383226	5.3412323	-12.552704	-3.8315887
1493855383226	7.7327423	-13.641083	-4.4841614
1493855383226	7.0771484	-15.2743225	-4.39592
1493855383226	2.2383118	-15.499741	-4.231079
1493855383226	-3.2674255	-14.831009	-0.3912964
1493855383226	-5.5703735	-14.143005	6.111038
1493855383226	-5.9570465	-14.601044	6.899353
1493855383226	-4.921829	-15.805374	2.3534088
1493855383226	-3.5494537	-15.839172	-0.9231262
1493855383226	0.06512451	-12.742798	-1.3497467
1493855383226	4.0885773	-9.919083	0.91807556
1493855383226	4.074875	-8.674484	2.8933563
1493855383226	1.5422363	-7.9706116	1.588501
1493855383226	-0.9147949	-6.985138	1.9721222
1493855383226	-2.2770844	-5.405014	3.0484772
1493855383226	-2.554596	-4.2233887	3.5086517
1493855383226	-2.7219086	-4.306946	3.8553162
1493855383226	-3.2419434	-4.289734	4.0060425
1493855383227	-3.6130219	-2.9292145	4.1256256
1493855383227	-3.4532623	-1.3514099	3.9811401
1493855383227	-2.2918396	-1.8081055	3.8105316
1493855383227	-1.2220612	-6.3530884	-1.8322754
1493855383227	-0.7826233	-16.872406	-16.251831
1493855383227	6.3155212	-19.457718	-19.722397
1493855383227	4.8720856	-18.750061	-7.235031
1493855383227	1.3627167	-6.848404	-3.87146
1493855383227	-4.737488	-5.304489	0.98913574
1493855383227	-3.620407	-13.159378	3.4916382
1493855383227	-3.5243225	-17.667358	1.8365021
1493855383227	-1.8703918	-11.111908	-0.5451813
1493855383227	-2.7151031	-2.9448853	12.315475
1493855383227	-5.969864	-3.431839	8.394043
1493855383227	-3.5047913	-11.141098	4.4591827
1493855383227	0.8050842	-14.504105	5.8938293
1493855383227	5.607605	-13.288666	3.6908722
1493855383227	5.1934967	-10.871597	0.017700195
1493855383227	1.2407684	-9.604919	0.12327576
1493855383227	-1.189209	-8.757294	1.907074
1493855383227	-2.1802826	-9.13179	1.7955017
1493855383227	-1.7388458	-9.291519	1.0096588
1493855383227	-0.7763214	-9.095673	0.434906
1493855383227	-0.266922	-8.714386	-0.22666931
1493855383227	0.73472595	-8.380249	-0.18824768
1493855383227	1.8687744	-8.793976	-0.42051697
1493855383227	2.194107	-10.091873	0.45272827
1493855383227	2.5011292	-10.347549	0.60020447
1493855383227	2.6820374	-9.760803	-0.6247406
1493855383227	2.713974	-10.473145	-1.2929077
1493855383227	2.1699066	-11.818283	-0.6465149
1493855383227	0.6536102	-12.08313	-1.5132751
1493855383227	0.06188965	-12.115372	-3.741684
1493855383227	2.4517822	-12.288513	-3.1374054
1493855383227	5.1435547	-11.653107	-2.8169556
1493855383227	6.133194	-12.042587	-3.8307343
1493855383227	5.472229	-13.823929	-3.0348663
1493855383227	1.5223236	-14.7155	-3.6132355
1493855383227	-2.4701843	-13.986252	0.87693787
1493855383227	-4.4959106	-13.830872	6.5406494
1493855383227	-5.1717224	-14.755463	6.197403
1493855383227	-5.0594788	-16.025284	2.4378967
1493855383228	-4.4706116	-15.219086	-0.3155365
1493855383228	-1.5071259	-11.841309	-1.7450256
1493855383228	3.1911163	-9.330551	0.5076599
1493855383228	5.02092	-9.027527	2.0079193
1493855383228	2.6879578	-8.732559	1.282547
1493855383228	-0.6431427	-7.6629333	1.148407
1493855383228	-2.6628723	-5.933075	2.573166
1493855383228	-3.520462	-4.447983	3.6294403
1493855383228	-3.6621094	-4.098221	3.945404
1493855383228	-3.432846	-3.9886932	3.9640808
1493855383228	-3.2863922	-2.8869324	4.1163635
1493855383228	-2.7112732	-2.2270813	3.7236938
1493855383228	-1.245285	-3.777893	1.9934235
1493855383228	-0.2250824	-8.130646	-3.1748047
1493855383228	0.5986481	-15.471878	-13.686462
1493855383228	5.6959686	-19.474823	-18.45192
1493855383228	5.55217	-16.963715	-10.239395
1493855383228	0.11074829	-9.66539	-3.3201752
1493855383228	-2.6901703	-2.6467743	-1.562912
1493855383228	-4.511917	-6.9095	-0.2746277
1493855383228	-3.934616	-16.183731	3.3837128
1493855383228	-0.66970825	-18.097183	-2.0075073
1493855383228	0.6447449	-9.197205	3.0776367
1493855383228	-3.2893372	-3.6502686	9.171631
1493855383228	-3.1860504	-6.804062	6.8681793
1493855383228	0.121170044	-11.55455	5.089493
1493855383228	3.249237	-12.794022	3.6296387
1493855383228	3.570343	-12.290298	1.4105225
1493855383228	0.7112274	-10.7430725	0.43159485
1493855383228	-1.3287964	-9.175476	1.3110504
1493855383228	-1.4679108	-8.421188	0.89797974
1493855383228	-0.65625	-8.274231	1.347992
1493855383228	0.13827515	-8.290283	1.7023315
1493855383228	0.2411499	-8.819229	1.4747925
1493855383229	-0.18495178	-9.583694	-0.3935089
1493855383229	-0.189682	-9.454712	0.3461609
1493855383229	0.70726013	-9.254501	1.1703796
1493855383229	1.6336517	-9.881638	-0.03529358
1493855383229	2.4885254	-10.784637	-1.4927521
1493855383229	3.741333	-11.353363	-2.261795
1493855383229	3.5817413	-11.88298	-0.8457489
1493855383229	1.279419	-11.949387	-1.1781006
1493855383229	0.46499634	-11.763718	-1.7308502
1493855383229	1.1657104	-11.939957	-0.4521942
1493855383229	1.9936066	-12.3858185	-1.4311066
1493855383229	2.9249268	-13.267685	-3.3590088
1493855383229	6.5986176	-13.557114	-1.5951691
1493855383229	4.911438	-13.772858	-3.4917908
1493855383229	-0.13313293	-14.269119	-7.4096527
1493855383229	-2.289322	-12.9366	1.2773285
1493855383229	-2.2921143	-11.714539	7.7277374
1493855383229	-3.4347687	-13.003815	5.955368
1493855383229	-4.9980927	-16.022522	1.6231232
1493855383229	-6.1269684	-17.174469	-1.7312775
1493855383229	-2.173294	-13.319946	-0.665329
1493855383229	3.853592	-9.53334	2.1224518
1493855383229	4.637268	-8.715729	2.4500427
1493855383229	2.793396	-7.8221893	1.5937805
1493855383229	-0.39515686	-6.887726	1.1842957
1493855383229	-1.9933014	-5.547226	1.9159546
1493855383229	-2.4595795	-4.4082794	3.4522247
1493855383229	-2.6173096	-4.140991	3.7580109
1493855383229	-3.4969635	-4.3773346	4.1016846
1493855383229	-4.1206055	-3.135315	4.643814
1493855383229	-3.9788818	-1.9709778	4.7371063
1493855383229	-2.6348267	-3.047226	3.469818
1493855383229	-0.7108154	-7.2852783	-1.8633728
1493855383229	0.38253784	-14.514618	-12.711044
1493855383229	5.1276703	-19.474823	-15.79895
1493855383229	6.3281097	-17.08496	-5.655014
1493855383229	1.0446472	-9.368393	-3.6387787
1493855383229	-2.908249	-4.4023438	-1.8826447
1493855383229	-5.159729	-8.341827	-0.41415405
1493855383229	-3.7907257	-15.78302	-1.7460327
1493855383229	1.190445	-15.293076	2.0594177
1493855383229	2.293274	-9.209824	3.4852295
1493855383230	-1.5329285	-3.5767365	5.823288
1493855383230	-4.8905945	-4.212509	6.759659
1493855383230	-3.4157104	-9.543106	5.5351257
1493855383230	-0.43421936	-12.978638	3.8205566
1493855383230	2.478241	-12.38559	2.8415527
1493855383230	3.2178497	-11.081238	1.525589
1493855383230	2.4402924	-9.264648	1.4420166
1493855383230	0.8435669	-8.313202	1.7245026
1493855383230	-1.787674	-9.104874	1.6902008
1493855383230	-2.1826477	-9.500336	1.3693848
1493855383230	-1.2477722	-9.498611	1.039444
1493855383230	-0.5923157	-9.7464905	-0.07296753
1493855383230	0.42018127	-9.563538	-0.79618835
1493855383230	1.615509	-9.095459	0.05407715
1493855383230	2.3376617	-9.399948	0.9180603
1493855383230	2.442459	-10.601242	1.6631317
1493855383230	2.6076355	-11.183502	1.1063385
1493855383230	2.901825	-10.654694	-1.4915771
1493855383230	3.1970825	-10.642395	-3.9704437
1493855383230	2.1860504	-11.226852	-3.0246277
1493855383230	0.21633911	-11.156448	-1.9585419
1493855383230	0.1836853	-10.821167	-2.31839
1493855383230	2.3981323	-11.525635	-2.7624054
1493855383230	5.721405	-13.65654	-3.693924
1493855383230	6.441452	-15.593887	-1.5051575
1493855383230	1.5951233	-14.932892	-3.103012
1493855383230	-3.4095917	-13.886169	-0.9246216
1493855383230	-4.2877655	-12.649933	4.7142487
1493855383230	-4.6672363	-13.543747	5.7217255
1493855383230	-3.6805725	-15.313293	3.9597473
1493855383230	-4.2458496	-16.600983	0.3831787
1493855383230	-2.8206482	-13.938141	-1.911911
1493855383230	0.9504242	-10.775452	-0.064834595
1493855383230	4.4170227	-9.303268	2.5315552
1493855383230	4.328888	-8.3198395	1.7923126
1493855383230	0.68582153	-7.708908	1.0556641
1493855383230	-1.814621	-6.697281	1.9862823
1493855383230	-2.666336	-4.846863	3.6721191
1493855383230	-3.124939	-3.7509613	3.590561
1493855383230	-3.415924	-4.2242737	3.557724
1493855383230	-2.9718475	-3.6009216	3.2184906
1493855383231	-2.941574	-2.1554718	3.3468933
1493855383231	-2.3585358	-2.3326416	2.870697
1493855383238	-0.6411438	-4.7065125	0.7688751
1493855383238	-0.75453186	-10.221542	-6.841049
1493855383238	-0.54519653	-19.304504	-19.722397
1493855383238	9.622253	-19.175598	-18.57077
1493855383238	3.0070648	-14.578888	-3.9733582
1493855383238	-1.6602173	-5.7771606	-2.3682861
1493855383238	-5.4698944	-6.3174744	-0.6574402
1493855383238	-5.5959473	-15.663864	-3.9562836
1493855383238	2.2855682	-15.598358	2.2557678
1493855383238	0.7275696	-9.5321045	4.961258
1493855383238	-3.9124298	-4.141983	3.9541473
1493855383238	-5.3332977	-4.2577515	8.852219
1493855383238	-2.774994	-9.611984	4.988861
1493855383238	0.94963074	-13.767502	4.1261444
1493855383238	4.910385	-12.700226	3.3067017
1493855383238	5.1527557	-11.406799	1.3059235
1493855383238	2.1251068	-10.31279	0.60375977
1493855383238	-1.0309906	-9.174835	2.200653
1493855383238	-2.754364	-9.015137	2.451538
1493855383238	-3.0521393	-9.379974	1.3131409
1493855383239	-1.9848175	-9.602386	0.31654358
1493855383239	-0.67063904	-9.421631	-0.18374634
1493855383239	0.6455536	-8.93602	-0.21617126
1493855383239	1.4108429	-8.434128	0.2421112
1493855383239	1.8751984	-8.863022	0.9262848
1493855383239	2.010498	-10.094955	1.6781311
1493855383239	2.022934	-10.629913	1.2787018
1493855383239	2.509552	-10.096268	-0.9874573
1493855383239	3.192871	-10.589554	-2.5312195
1493855383239	2.375473	-11.524796	-1.4061432
1493855383239	0.048843384	-11.994308	-1.3128052
1493855383239	-0.40925598	-12.119324	-2.4756012
1493855383239	1.9822845	-11.86348	-2.1760101
1493855383239	4.101425	-12.209076	-3.309494
1493855383239	5.897064	-13.401886	-3.6118622
1493855383239	5.7425537	-14.397034	-2.8174438
1493855383239	1.5686188	-14.610794	-2.9997406
1493855383239	-2.883377	-13.84259	-1.4866028
1493855383239	-4.058136	-12.90535	3.9718933
1493855383239	-3.7689362	-13.402573	6.8358
1493855383239	-4.1425934	-15.510056	3.8941498
1493855383239	-4.86084	-16.820816	-0.33677673
1493855383239	-3.1077118	-14.091446	-1.460846
1493855383239	1.6979828	-10.266373	0.8991394
1493855383239	3.9866028	-8.981445	2.33461
1493855383239	2.7634583	-8.190826	1.5632629
1493855383239	0.19874573	-7.0529327	1.4007874
1493855383239	-1.4518127	-5.6764526	2.359146
1493855383239	-1.8898926	-4.101074	3.0923004
1493855383239	-2.4212494	-3.5240479	3.5461426
1493855383239	-2.703003	-4.0333405	3.500946
1493855383239	-3.1408997	-3.6597748	3.8897552
1493855383239	-3.7419128	-2.499527	4.4289856
1493855383239	-3.4811249	-2.5475311	4.155075
1493855383239	-2.0931702	-5.437744	1.0603638
1493855383239	-2.3592987	-12.455826	-13.605362
1493855383240	2.9640045	-18.509201	-19.217575
1493855383240	4.871826	-19.474823	-10.504288
1493855383240	0.6709595	-10.949371	-2.3530426
1493855383240	-3.1049347	-4.478012	-4.257141
1493855383240	-6.9200134	-9.497574	-2.2531586
1493855383240	-5.447876	-16.177856	-6.7001953
1493855383240	4.166977	-13.679718	6.109482
1493855383240	4.021881	-5.3885345	9.870239
1493855383240	-4.3082275	-2.6810455	1.3818817
1493855383240	-4.439499	-4.8058014	7.7349243
1493855383240	-2.5511932	-13.311661	5.391144
1493855383240	0.8942108	-15.572998	5.508255
1493855383240	5.194275	-12.265076	2.7377167
1493855383240	3.882141	-10.053223	0.6592102
1493855383240	2.1118622	-9.519669	1.138092
1493855383240	-0.591568	-8.894882	2.380722
1493855383240	-1.8713226	-8.414139	2.373825
1493855383240	-3.5481567	-9.316055	0.5692291
1493855383240	-2.487732	-9.740402	0.78041077
1493855383240	-0.8496399	-9.404587	-0.6077423
1493855383240	0.7908783	-8.5239105	-0.5820923
1493855383240	1.6706543	-8.298264	0.27746582
1493855383240	1.8516235	-9.129425	0.5752106
1493855383240	1.9360504	-10.818573	1.3565216
1493855383240	2.3687134	-11.694199	1.9929047
1493855383240	2.767685	-11.3377075	-0.2288208
1493855383240	3.3312988	-11.321365	-2.5107727
1493855383240	2.9904022	-11.857285	-3.1203766
1493855383240	1.5353394	-11.697617	-3.174469
1493855383241	0.8385315	-11.819977	-2.9467163
1493855383241	2.7321777	-12.236862	-2.0491943
1493855383241	5.0413666	-12.398514	-2.4675903
1493855383241	5.2970734	-12.830185	-3.0284119
1493855383241	2.237564	-13.494232	-3.5202332
1493855383241	-2.9881592	-13.640747	-1.8740997
1493855383241	-6.0509644	-13.240952	3.8848724
1493855383241	-6.8000946	-13.527924	6.0099487
1493855383241	-6.118988	-15.212311	4.4897003
1493855383241	-4.8152466	-15.801041	1.7220306
1493855383241	-2.647934	-13.958282	-1.4415436
1493855383241	2.4901886	-9.879486	-1.3498993
1493855383241	5.712158	-7.747055	0.9778137
1493855383241	4.2933044	-7.558655	1.2071228
1493855383241	1.1417084	-7.636154	0.89642334
1493855383241	-1.3630219	-6.786682	2.0914917
1493855383241	-2.2117462	-5.519989	3.3228607
1493855383241	-2.440689	-4.483795	3.709488
1493855383241	-3.0645905	-4.4638824	3.7322235
1493855383241	-3.1640778	-4.481659	3.2919312
1493855383241	-2.740036	-3.8345795	2.793213
1493855383241	-2.313614	-3.5586243	2.4839783
1493855383241	-1.7402191	-5.023758	0.8028412
1493855383241	-1.0988159	-9.176147	-5.8939514
1493855383241	1.5699463	-16.154236	-15.6727295
1493855383241	4.5245667	-19.474823	-15.862717
1493855383241	3.308426	-15.751587	-8.1888275
1493855383241	0.28033447	-10.325272	-4.2704773
1493855383241	-0.42523193	-6.3931885	-3.4556732
1493855383241	-0.8387451	-9.527847	-3.7306366
1493855383241	-0.859848	-16.090622	-2.9500885
1493855383241	-0.46907043	-16.983765	1.0506287
1493855383241	-2.1167908	-9.048355	3.7636108
1493855383241	-6.479309	-2.8500824	7.828476
1493855383241	-8.953659	-5.430237	6.5084076
1493855383241	-3.6158142	-12.594971	6.0207214
1493855383241	2.4908752	-13.50264	5.4904633
1493855383241	4.940094	-11.641907	2.8159027
1493855383242	2.7279205	-11.00293	1.6049347
1493855383242	0.44010925	-10.766006	1.064331
1493855383242	-2.18602	-10.739212	2.2840881
1493855383242	-0.20376587	-9.143326	1.3580322
1493855383242	-1.2890778	-10.069122	1.2932434
1493855383242	-0.28694153	-9.883408	1.8389587
1493855383242	1.2741241	-9.336075	1.387146
1493855383242	2.7747345	-9.299118	0.40827942
1493855383242	2.5628967	-10.053314	1.5765686
1493855383242	2.4661407	-10.321564	1.0776062
1493855383242	1.7377319	-10.259338	-0.5576935
1493855383242	-0.27955627	-9.828949	0.29223633
1493855383242	-2.0014954	-8.869415	1.838211
1493855383242	-1.6430969	-9.031097	2.071701
1493855383242	0.6602478	-10.100281	1.9003906
1493855383242	2.6419373	-10.28421	1.412323
1493855383242	3.2551117	-9.693237	2.305481
1493855383242	3.3426208	-9.490067	2.1803894
1493855383242	3.1792908	-9.158463	1.9678497
1493855383242	2.3099365	-8.162277	1.3617401
1493855383242	-0.12966919	-7.788452	1.2758331
1493855383243	-2.2678833	-9.350418	2.7901306
1493855383243	-3.8162384	-11.857834	3.042572
1493855383243	-4.449356	-12.43367	2.7049255
1493855383243	-4.4712677	-10.994293	2.8395538
1493855383243	-3.4379425	-9.87941	2.5990143
1493855383243	-2.1950226	-10.345886	3.1791687
1493855383243	-1.4577789	-10.095352	3.3415222
1493855383243	-1.2691803	-9.482986	2.215744
1493855383243	-1.5011444	-9.077988	1.2354736
1493855383243	-2.066742	-9.045288	1.6360474
1493855383243	-1.2891998	-9.265335	1.0118713
1493855383243	-0.33857727	-8.981003	0.97177124
1493855383243	-0.044174194	-8.79834	1.6966553
1493855383243	-3.3569336E-4	-8.999786	0.61465454
1493855383243	0.20281982	-9.082321	0.46932983
1493855383243	1.0128021	-9.173828	0.7228699
1493855383243	1.0745087	-9.536713	-0.70770264
1493855383243	0.089279175	-9.50737	-0.49543762
1493855383243	-0.54359436	-9.126282	0.05921936
1493855383243	-0.51242065	-8.65889	-0.0016479492
1493855383243	0.04411316	-8.536942	0.54859924
1493855383243	0.8323364	-8.720688	0.5613251
1493855383243	0.70288086	-8.792648	-0.045822144
1493855383243	-0.1900177	-8.839478	-0.35064697
1493855383243	-0.61094666	-9.126404	-0.4688263
1493855383243	0.16119385	-9.695602	-0.61079407
1493855383243	2.2923737	-10.269455	-1.1173859
1493855383243	4.0858765	-10.584412	-2.0446777
1493855383243	3.9121552	-11.03804	-3.0078735
1493855383243	3.133484	-12.229019	-3.0807343
1493855383243	3.0846863	-13.055496	-2.0978394
1493855383243	3.1544037	-11.544067	-0.57666016
1493855383243	1.988327	-8.512466	1.5562286
1493855383243	-1.1564484	-6.7380066	1.5834045
1493855383243	-4.074539	-7.330246	0.267807
1493855383243	-4.274811	-9.484039	1.7416077
1493855383243	-2.1054077	-11.394913	3.0029144
1493855383243	1.6609344	-11.5963745	2.6972961
1493855383243	5.135376	-10.119568	2.4756927
1493855383243	5.785858	-8.948395	2.6392365
1493855383244	2.9237518	-9.311188	3.0581055
1493855383244	-0.46209717	-9.69249	2.960785
1493855383244	-1.9641266	-9.815872	2.1725311
1493855383244	-1.5171204	-9.939606	1.302185
1493855383244	-0.19735718	-9.904602	1.1342926
1493855383244	0.532959	-9.859726	1.537384
1493855383244	1.0737457	-9.938797	1.5567017
1493855383244	1.6368408	-10.145355	1.6240692
1493855383244	1.489502	-10.156586	1.6630554
1493855383244	0.6082611	-10.062958	1.6233063
1493855383244	-0.13949585	-10.035675	1.5701447
1493855383244	-0.20300293	-10.576065	1.5111847
1493855383244	-0.021865845	-10.761414	1.1912537
1493855383244	0.047943115	-10.076416	-0.5275574
1493855383244	0.28215027	-9.717117	-0.93803406
1493855383244	0.51460266	-10.863419	0.3006134
1493855383244	-0.017333984	-12.062149	0.72094727
1493855383244	-0.25827026	-12.315582	-0.7203522
1493855383244	1.671814	-11.959427	-2.2461853
1493855383244	3.5250092	-11.546555	-2.7500305
1493855383244	4.8578186	-12.413025	-3.447174
1493855383244	5.1860504	-12.464554	-1.1090851
1493855383244	3.198471	-12.697189	-2.1016998
1493855383244	-0.27542114	-13.242752	-5.969116
1493855383244	-4.262726	-12.882462	-1.3358307
1493855383244	-5.3082275	-11.566086	5.81279
1493855383244	-6.261017	-12.51712	7.3338013
1493855383244	-5.9239044	-13.340164	5.284973
1493855383244	-4.067795	-14.038727	-0.11550903
1493855383244	-1.0140839	-12.705826	-2.844162
1493855383244	4.1854553	-10.1983795	-1.055542
1493855383244	5.4458313	-9.887878	1.3791656
1493855383244	2.818634	-9.113495	0.8651886
1493855383244	-0.22660828	-7.7935944	0.41259766
1493855383244	-2.4633942	-6.1140594	1.3055267
1493855383244	-2.805313	-4.497162	1.6745911
1493855383244	-3.1811066	-4.2420807	1.9173126
1493855383244	-2.3696747	-4.3263397	1.7505188
1493855383244	-1.5684052	-3.820465	1.9634247
1493855383244	-1.374466	-3.284134	2.7860107
1493855383244	-1.2991486	-3.419983	3.031784
1493855383244	-0.6173096	-4.6203003	1.7224731
1493855383245	0.50172424	-7.838516	-2.1128082
1493855383245	2.0527802	-13.709351	-10.184448
1493855383245	5.015167	-18.959015	-18.333832
1493855383245	8.427963	-18.811234	-16.215393
1493855383245	4.2954865	-15.061142	-6.6967773
1493855383245	-0.5170746	-9.082077	-2.4252777
1493855383245	-4.380432	-8.852234	-1.0479279
1493855383245	-5.399887	-13.8871155	-2.2033997
1493855383245	-0.3950653	-14.161804	-0.8179321
1493855383245	2.619812	-9.137192	3.7013092
1493855383245	-3.741516	-2.998764	4.1797485
1493855383245	-9.887024	-1.2290802	4.6199646
1493855383245	-6.7025146	-7.489731	8.079041
1493855383245	-0.7533417	-14.643417	5.327957
1493855383245	2.750412	-15.997559	3.3729095
1493855383245	4.5768433	-12.631653	1.8788757
1493855383245	2.9643402	-9.404617	2.1467896
1493855383245	1.3753204	-9.040649	1.64328
1493855383245	0.8298645	-9.648514	0.9955902
1493855383245	0.43267822	-10.235077	0.99938965
1493855383245	-0.51194763	-10.253983	0.4884491
1493855383245	-1.2954102	-9.15065	0.052490234
1493855383245	-1.3006744	-7.897812	0.12667847
1493855383245	-0.32592773	-7.6796265	0.5245819
1493855383245	0.93460083	-8.31131	1.1418152
1493855383245	1.4576721	-9.161484	1.9329529
1493855383245	0.820343	-9.767685	1.9560547
1493855383245	0.27954102	-9.906067	-0.5476532
1493855383245	1.4913025	-9.688599	-3.6463623
1493855383245	3.0159454	-10.206375	-2.631073
1493855383245	1.907135	-11.367233	-0.34202576
1493855383245	0.6613159	-11.941483	-1.1747131
1493855383245	1.8860626	-12.309174	-1.7971191
1493855383245	3.7353973	-12.392914	-3.0412598
1493855383245	4.927231	-13.47847	-4.785782
1493855383245	5.8058777	-15.018036	-2.5302734
1493855383245	2.3439484	-15.300034	-3.634903
1493855383245	-3.4446106	-15.528076	-2.5842743
1493855383245	-6.7892303	-14.418106	3.1586761
1493855383245	-7.2892303	-13.6310425	7.725174
1493855383245	-7.5294647	-14.27536	6.110977
1493855383246	-6.1681976	-15.526855	1.6091766
1493855383246	-1.4520264	-13.769791	-2.7019196
1493855383246	5.7069244	-10.714645	-1.2767487
1493855383246	6.4129333	-9.823151	2.0873108
1493855383246	3.0860443	-8.869186	1.2855072
1493855383246	-0.6734314	-7.780411	0.64378357
1493855383246	-2.4703827	-6.158951	2.044632
1493855383246	-3.3126984	-3.4494476	3.4908295
1493855383246	-4.2518463	-3.1768951	3.5280457
1493855383246	-3.7189941	-3.8048553	3.4059296
1493855383246	-2.1407928	-3.561386	3.020279
1493855383246	-2.2187805	-2.405182	4.15213
1493855383246	-2.314499	-1.7503967	3.9129639
1493855383246	-1.2872162	-3.2535248	2.4459991
1493855383246	0.27294922	-9.198151	-5.113556
1493855383246	1.4036255	-18.224533	-19.722397
1493855383246	11.154449	-19.474823	-18.764496
1493855383246	5.806183	-18.404099	-5.5609894
1493855383246	0.5178375	-6.7478485	-1.8206024
1493855383246	-5.9898987	-9.069534	1.9957123
1493855383246	-6.0722046	-14.062927	3.410797
1493855383246	-2.6460876	-13.368576	0.8709564
1493855383246	-1.0133972	-7.047516	2.5799408
1493855383246	-2.8832855	-1.3808899	9.629059
1493855383246	-5.6363983	-4.722107	9.655869
1493855383246	-2.540802	-13.672119	3.9121094
1493855383246	1.9244385	-16.04361	4.577408
1493855383246	5.868637	-12.768372	1.5811615
1493855383246	3.7066498	-9.703033	0.59994507
1493855383246	0.42759705	-9.491272	1.446991
1493855383246	-1.5104828	-9.151535	2.0432587
1493855383246	-2.3398743	-9.7986145	1.5996094
1493855383246	-1.4151001	-9.513855	0.78115845
1493855383246	-0.5098114	-8.539871	0.2446289
1493855383246	0.089019775	-7.889435	0.21260071
1493855383246	0.35688782	-8.010101	0.025970459
1493855383246	0.76275635	-8.239319	0.5080414
1493855383246	1.552475	-8.520447	1.2736511
1493855383246	2.0103455	-9.31337	1.6292877
1493855383246	2.0950165	-9.891708	-0.38046265
1493855383246	2.4507751	-9.94487	-2.2167358
1493855383246	2.1588135	-10.313599	-1.4638062
1493855383247	0.62879944	-11.105515	-1.0758057
1493855383247	-0.09350586	-11.789841	-1.8397827
1493855383247	1.7073975	-12.189194	-2.4891357
1493855383247	4.411331	-12.548233	-4.01474
1493855383247	6.6674805	-14.366165	-4.6384735
1493855383247	6.1520386	-16.105423	-4.151779
1493855383247	0.80374146	-15.777237	-3.8510284
1493855383247	-4.846222	-14.998184	-0.98979187
1493855383247	-5.827774	-14.330124	4.3311768
1493855383247	-4.6313934	-13.886642	6.870819
1493855383247	-4.0986176	-14.500305	3.3435364
1493855383247	-3.2664795	-15.474991	-0.2702484
1493855383247	-0.55659485	-13.540497	-0.31681824
1493855383247	3.3299408	-10.260483	1.4330444
1493855383247	2.7282867	-8.583649	1.3240814
1493855383247	0.25650024	-7.588623	1.1726379
1493855383247	-1.6438293	-6.460327	2.6592712
1493855383247	-2.2124786	-5.300812	3.454773
1493855383247	-2.1166382	-4.4367523	3.4198608
1493855383247	-1.912857	-3.9638062	2.9631653
1493855383247	-2.3994904	-3.4677734	3.3239746
1493855383247	-2.792572	-2.470932	3.8980255
1493855383247	-3.541916	-1.8852234	4.009323
1493855383247	-3.3510132	-3.0467682	3.129898
1493855383247	-2.7787323	-7.9558105	-3.5382233
1493855383247	1.4172668	-17.338867	-16.724197
1493855383247	9.672653	-19.474823	-19.722397
1493855383247	5.4901886	-16.222961	-7.97287
1493855383247	0.35165405	-5.6569214	-1.8687439
1493855383247	-4.509323	-2.8449707	0.97766113
1493855383247	-6.993973	-12.117035	-1.5401917
1493855383247	-2.09346	-15.554413	4.075714
1493855383247	0.5144043	-13.120361	1.1123657
1493855383247	0.30856323	-6.57016	6.731537
1493855383247	-4.657547	-5.718506	9.048431
1493855383247	-4.7635803	-9.856842	5.067932
1493855383248	-0.93984985	-11.989243	5.3002167
1493855383248	4.2008667	-11.307159	4.457443
1493855383248	5.437378	-11.703323	1.2452087
1493855383248	3.4031372	-11.261063	-0.5562897
1493855383248	-0.32595825	-9.804794	1.6217651
1493855383248	-3.175354	-9.170944	1.5884247
1493855383248	-4.025055	-9.067047	1.2467499
1493855383248	-2.3443146	-9.103622	0.100753784
1493855383248	-0.5609741	-8.674454	-0.1782074
1493855383248	0.72203064	-8.572464	-0.3984375
1493855383248	1.2667389	-8.936264	0.02281189
1493855383248	2.1974792	-9.684677	2.1994019
1493855383248	3.7013397	-10.505417	2.5848541
1493855383248	3.729538	-9.889389	0.05230713
1493855383248	2.9377747	-9.150482	-3.8591766
1493855383248	2.1268158	-10.343857	-3.314621
1493855383248	0.6860504	-11.721039	-0.55513
1493855383248	-0.539032	-12.155212	-1.9932251
1493855383248	0.7338104	-12.257889	-3.4797516
1493855383248	3.2958832	-12.024796	-2.5591736
1493855383248	3.9079437	-12.168808	-2.7828827
1493855383248	5.232971	-13.721237	-2.788208
1493855383248	5.250122	-14.785202	-3.4661102
1493855383248	0.8062744	-13.829285	-6.1167297
1493855383248	-2.9508057	-12.8004	0.99861145
1493855383248	-2.4004822	-12.080215	7.371628
1493855383248	-1.0387878	-12.726807	6.4119263
1493855383248	-1.0923615	-14.956543	1.306961
1493855383248	-2.6931458	-16.474075	-1.1461334
1493855383248	-1.2184448	-14.1132965	1.0363922
1493855383248	1.9822845	-10.557816	2.85701
1493855383248	3.630722	-9.428177	1.5787354
1493855383248	1.9895477	-8.850464	0.6413727
1493855383248	-0.7817383	-7.6469727	1.3879395
1493855383249	-2.4908447	-6.246353	1.994461
1493855383249	-2.9384155	-4.685547	3.2278137
1493855383249	-3.4609375	-3.9047089	3.5953522
1493855383249	-3.7428894	-3.5253296	3.8606415
1493855383249	-3.8985596	-2.202179	4.577286
1493855383249	-3.6886597	-1.2394714	4.1897583
1493855383249	-1.9091644	-2.995285	1.6508942
1493855383249	-0.56933594	-8.258408	-5.4012604
1493855383249	2.9924622	-15.811981	-15.385132
1493855383249	8.18309	-19.474823	-12.771927
1493855383249	5.946823	-15.900803	-4.938034
1493855383249	0.009216309	-8.46048	-2.7077026
1493855383249	-4.4497833	-5.5411835	-0.42160034
1493855383249	-7.7265778	-12.509293	-4.7374115
1493855383249	-3.7084503	-16.468369	1.1042786
1493855383249	0.26985168	-11.533173	6.2094116
1493855383249	-2.7104645	-5.4479065	4.647171
1493855383249	-5.7691193	-3.947754	6.0168304
1493855383249	-3.647766	-7.603012	7.608597
1493855383249	-0.118759155	-12.388016	6.734329
1493855383249	4.376999	-13.821335	4.0449524
1493855383249	5.904587	-12.6949005	0.8424225
1493855383249	3.2899628	-10.63446	-1.0024872
1493855383249	0.32867432	-8.877441	1.0177155
1493855383249	-1.3534393	-8.719086	2.0091858
1493855383249	-1.9074402	-9.030762	1.182251
1493855383249	-1.4590302	-9.853485	0.6461029
1493855383249	-0.7056427	-9.972229	-0.49909973
1493855383249	0.2131958	-9.020554	-0.3963623
1493855383249	1.1543427	-8.207245	-0.043701172
1493855383249	1.0537872	-8.558273	0.30551147
1493855383249	0.6982269	-9.654343	1.2489777
1493855383249	0.9081116	-10.265366	1.2446594
1493855383250	1.7262115	-9.66687	-0.88446045
1493855383250	3.5249786	-9.871536	-2.0670776
1493855383250	3.2559052	-11.436478	-0.4366455
1493855383250	0.6638794	-12.017044	-0.81292725
1493855383250	-0.4990387	-12.086548	-2.9424438
1493855383250	1.5922546	-12.485794	-2.1415558
1493855383250	4.3725586	-11.948334	-3.6058807
1493855383250	5.7141724	-12.785477	-6.148819
1493855383250	6.081238	-14.627914	-0.99809265
1493855383250	1.6174927	-15.151794	-3.6081543
1493855383250	-3.5650177	-13.796707	-1.2416229
1493855383250	-5.0729523	-12.662827	7.183029
1493855383250	-4.678711	-13.030319	6.1801453
1493855383250	-4.1996613	-15.728867	1.6607513
1493855383250	-5.034668	-16.841629	-0.035125732
1493855383250	-1.8617249	-13.210846	-0.8414917
1493855383250	3.3710785	-9.479736	1.4532166
1493855383250	4.8247375	-8.998535	1.3286896
1493855383250	2.4349365	-8.270081	1.1789093
1493855383250	-0.7948761	-7.7299347	1.4521027
1493855383250	-2.3498993	-6.715683	2.804947
1493855383250	-2.8481293	-4.9012146	3.307251
1493855383250	-2.9228363	-3.9960632	3.4895782
1493855383250	-3.0574493	-3.7169037	3.278244
1493855383250	-3.439972	-2.6011505	3.2126007
1493855383250	-3.5582123	-1.388794	3.7813416
1493855383250	-3.0435486	-2.2220764	2.7762146
1493855383250	-1.9517212	-6.3172607	-3.4792938
1493855383250	1.0036926	-13.628998	-15.050186
1493855383250	7.3636017	-19.474823	-16.083893
1493855383250	7.967499	-17.19989	-6.5157776
1493855383250	1.3861084	-9.611328	-3.5029297
1493855383250	-2.1489258	-3.1625366	-2.0082397
1493855383250	-3.9142456	-5.830063	-1.0332184
1493855383250	-2.7388916	-15.007233	-0.6437683
1493855383250	1.0564423	-16.268356	2.3523102
1493855383250	-0.28852844	-11.299057	0.7814026
1493855383251	-3.4302673	-5.620407	3.5863342
1493855383251	-5.0587006	-4.70105	8.862991
1493855383251	-2.7741241	-8.300842	6.163849
1493855383251	-0.16242981	-12.367752	3.1327972
1493855383251	2.9697113	-12.7508545	3.573471
1493855383251	4.1487885	-12.0842285	2.544571
1493855383251	2.3827972	-10.581741	0.89012146
1493855383251	-0.42842102	-9.251785	1.1901398
1493855383251	-2.179184	-8.978882	1.9364014
1493855383251	-2.2181702	-8.853546	1.3737946
1493855383251	-1.1267395	-8.916687	1.0566254
1493855383251	-0.19381714	-9.265625	0.3300476
1493855383251	0.80322266	-9.13974	-0.31684875
1493855383251	1.6837769	-8.696793	0.124420166
1493855383251	2.0099487	-8.968933	0.51452637
1493855383251	2.0091705	-10.086502	0.97766113
1493855383251	1.9183197	-10.482697	0.34320068
1493855383251	2.3519745	-10.273727	-2.0632172
1493855383251	2.7854004	-10.743515	-2.0691986
1493855383251	1.0293579	-11.495117	-0.16436768
1493855383251	-0.8383484	-12.1987915	-0.86550903
1493855383251	-0.09385681	-12.399338	-2.6735992
1493855383251	2.741272	-12.32164	-3.8568115
1493855383251	5.689621	-13.040207	-4.379257
1493855383251	7.5758667	-14.140121	-1.8646698
1493855383251	4.661789	-14.535538	-3.5674438
1493855383251	-1.7064667	-14.500381	-3.4138336
1493855383251	-5.240158	-13.683365	3.3746185
1493855383251	-4.903137	-12.970764	6.544037
1493855383251	-2.769867	-13.554382	4.821991
1493855383251	-3.073349	-15.607254	1.5677338
1493855383251	-3.9448395	-16.146744	-1.232254
1493855383251	-1.5713959	-12.709763	0.6537781
1493855383251	3.5336914	-9.295273	1.3791504
1493855383252	4.2517548	-8.785965	2.2911377
1493855383252	1.5083466	-8.170013	1.3248138
1493855383252	-1.2161102	-6.8859253	1.9558258
1493855383252	-3.1408844	-5.5085907	2.7192383
1493855383252	-3.0660248	-4.1513824	2.5765228
1493855383252	-2.8988495	-4.1928864	2.9778442
1493855383252	-3.1397095	-4.131653	3.4920502
1493855383252	-3.6027222	-2.7324982	3.9045715
1493855383252	-3.1184235	-1.5948639	3.884552
1493855383252	-2.204361	-2.8009338	2.8067017
1493855383252	0.07324219	-7.88472	-3.5722504
1493855383252	0.24227905	-15.433411	-17.187546
1493855383252	6.7516174	-19.45044	-18.521454
1493855383252	5.1038666	-18.22551	-3.4485016
1493855383252	0.5594635	-8.266647	-3.373001
1493855383252	-2.5999908	-5.8297424	-1.6237488
1493855383252	-4.920883	-14.731293	-3.8066711
1493855383252	0.29655457	-18.489166	-5.3793793
1493855383252	1.5728912	-10.926178	7.2555237
1493855383252	-4.67218	-1.3369751	7.066437
1493855383252	-7.9507294	-0.39964294	4.175766
1493855383252	-2.852005	-7.312958	7.421234
1493855383253	-0.3391266	-14.952286	5.4160004
1493855383253	1.6258087	-15.885941	2.6741638
1493855383253	4.243759	-12.11528	2.1385803
1493855383253	3.0373993	-9.658417	1.674408
1493855383253	1.2577667	-8.789017	1.024826
1493855383253	-0.28781128	-8.808121	2.1127014
1493855383253	-1.0254211	-9.417175	2.0718536
1493855383253	-1.4635468	-9.590363	1.1923523
1493855383253	-1.4851532	-9.550156	0.41801453
1493855383253	-1.1725311	-9.556229	-0.42861938
1493855383253	-0.24208069	-8.977615	-0.58950806
1493855383253	0.9938812	-8.605347	-0.0967865
1493855383253	1.8246155	-9.112289	0.5158386
1493855383253	2.0272217	-10.275131	1.2327728
1493855383253	2.1003723	-10.648529	0.7611847
1493855383254	2.6346588	-10.330139	-1.3254547
1493855383254	3.052719	-10.8688965	-2.7992554
1493855383254	1.9517517	-11.767838	-2.1467285
1493855383254	-0.1288147	-11.927063	-2.054306
1493855383254	-0.13812256	-11.897934	-2.8992004
1493855383254	2.4110718	-11.931229	-2.68013
1493855383254	5.2286987	-12.637512	-3.7466278
1493855383254	6.455078	-14.383133	-2.453598
1493855383254	4.049408	-14.99202	-1.953476
1493855383254	-1.2937775	-14.313522	-3.3973694
1493855383254	-4.868698	-13.423157	0.39691162
1493855383254	-5.3831635	-13.572342	5.9062805
1493855383254	-4.2753906	-14.894989	7.015503
1493855383254	-3.8554077	-16.427902	2.6237488
1493855383254	-4.305084	-15.616394	-1.065628
1493855383254	-2.0739899	-11.666397	0.3831482
1493855383254	2.1111145	-8.574371	2.8825836
1493855383254	3.72406	-7.751053	2.8673706
1493855383254	2.1315155	-7.1325073	0.92396545
1493855383254	-0.42770386	-6.341507	0.6764984
1493855383254	-1.7915955	-5.29422	1.8868256
1493855383254	-2.244049	-4.394821	2.7608032
1493855383254	-2.463623	-4.09111	3.6965485
1493855383254	-2.7391663	-3.530304	3.5433044
1493855383254	-2.651245	-2.220047	3.6531525
1493855383254	-1.8541107	-1.9725494	3.9075012
1493855383254	-0.73228455	-4.265167	1.5214996
1493855383254	-1.2679596	-9.650833	-5.314789
1493855383254	0.2642212	-17.996796	-17.522568
1493855383254	8.510895	-19.474823	-13.838547
1493855383254	5.274765	-15.836578	-5.5816803
1493855383254	0.006958008	-8.818176	-3.7297058
1493855383254	-0.5129852	-4.029709	-0.6716614
1493855383254	-4.2487335	-12.797943	-5.4187775
1493855383254	0.82870483	-17.930527	1.077713
1493855383254	1.0740662	-11.433212	7.2681885
1493855383254	-6.667206	-3.8229065	-2.8202362
1493855383254	-10.743179	-2.3075867	9.007431
1493855383255	-6.2362366	-7.810211	10.802841
1493855383255	-0.80307007	-14.334335	5.979431
1493855383255	5.609726	-14.733597	2.8083344
1493855383255	8.296204	-11.897629	0.40893555
1493855383255	3.236618	-10.426346	-0.024536133
1493855383255	-0.77957153	-8.597992	1.7368622
1493855383255	-2.8358002	-8.642517	1.7588501
1493855383255	-3.1616669	-9.764023	0.87846375
1493855383255	-1.7402649	-10.615143	-0.42311096
1493855383255	-0.7926483	-9.606049	-1.0493927
1493855383255	0.29621887	-8.192734	0.018936157
1493855383255	0.96798706	-7.773468	0.783905
1493855383255	1.4337158	-8.448608	1.5619507
1493855383255	1.4582214	-9.543259	1.8556061
1493855383255	1.5977783	-9.870102	0.91090393
1493855383255	2.2757416	-10.052643	-0.48683167
1493855383255	2.7832642	-10.219757	-1.8305054
1493855383255	2.734787	-10.935883	-2.1024628
1493855383255	1.6088562	-11.699173	-1.7404327
1493855383255	0.35533142	-12.017334	-2.8544922
1493855383255	1.5841675	-12.749039	-2.766983
1493855383255	4.6976013	-12.806625	-2.7857819
1493855383255	6.7589417	-13.991791	-3.0175476
1493855383255	5.530258	-15.674469	-4.068924
1493855383255	-0.17604065	-15.4410095	-4.7029266
1493855383255	-4.6839294	-13.877869	1.6195374
1493855383255	-5.866623	-12.270279	6.569519
1493855383255	-5.720154	-12.652512	5.3231964
1493855383255	-5.2450104	-14.358185	0.8172455
1493855383255	-4.572632	-15.066437	-0.6360016
1493855383255	-0.5203705	-12.705856	0.3240509
1493855383255	4.220993	-9.875153	2.890335
1493855383255	5.075165	-8.87175	2.7101898
1493855383255	2.08078	-8.134048	0.5688629
1493855383255	-1.1595306	-7.210556	0.49746704
1493855383255	-2.5437927	-5.5438538	1.9222717
1493855383255	-3.008377	-4.0707703	2.6987305
1493855383255	-3.5519562	-3.7500916	2.9742126
1493855383255	-4.1317444	-3.1443634	3.5004578
1493855383255	-3.5632324	-1.7103424	4.2155304
1493855383256	-1.6956787	-1.8604126	3.9412384
1493855383256	-0.24635315	-5.935211	0.2562256
1493855383256	0.14486694	-13.172867	-11.265778
1493855383256	3.3975525	-18.299225	-19.057251
1493855383256	5.6572723	-18.289825	-9.942932
1493855383256	2.6909943	-12.02655	-3.7230835
1493855383256	-0.8345032	-5.7470093	-2.90625
1493855383256	-0.33192444	-3.4564514	4.385788
1493855383256	-2.8724518	-9.789078	4.449005
1493855383256	-3.7369385	-17.430801	-0.8495636
1493855383256	0.8195801	-18.219894	-3.7750854
1493855383256	-0.815094	-10.073471	5.03862
1493855383256	-7.596527	-4.592697	9.382751
1493855383256	-8.619553	-5.526718	6.808014
1493855383256	-3.0052795	-9.16272	5.983917
1493855383256	3.9361115	-12.196899	5.48822
1493855383256	7.2411804	-13.840591	1.2053833
1493855383256	4.7889557	-12.112396	-0.4780426
1493855383256	-0.07470703	-9.826324	1.3615417
1493855383256	-3.4509735	-8.81897	1.9726715
1493855383256	-3.3470001	-8.651642	1.5030975
1493855383256	-1.3463593	-8.654129	0.83106995
1493855383256	0.6819916	-8.520081	0.281662
1493855383256	1.4975891	-8.372635	0.55867004
1493855383256	1.4876556	-8.620285	1.0595703
1493855383256	0.94262695	-9.142075	1.7633209
1493855383256	0.3254547	-9.751602	1.6021118
1493855383256	0.31069946	-9.865189	0.071136475
1493855383256	1.2589569	-9.76503	-2.2253876
1493855383256	2.8238525	-10.299973	-2.5399933
1493855383256	2.112442	-10.989441	-0.97776794
1493855383256	0.5125122	-11.708862	-1.3503723
1493855383256	1.579956	-12.288239	-0.69973755
1493855383256	3.8639526	-12.502518	-1.7412109
1493855383256	4.4216156	-12.29129	-4.984329
1493855383256	5.737213	-13.44133	-4.764618
1493855383256	1.6311798	-15.706116	-3.486084
1493855383256	-2.8245697	-14.897675	-4.158493
1493855383256	-7.5944366	-15.102402	-1.9634094
1493855383256	-9.647781	-14.050125	7.762924
1493855383256	-8.691849	-14.211029	7.620926
1493855383257	-6.4095	-14.346802	2.1579742
1493855383257	-4.524811	-14.536774	-2.1521149
1493855383257	3.3919525	-10.527664	-5.8109894
1493855383257	16.009384	-6.510727	-16.242004
1493855383257	5.648361	-6.7362823	2.4326935
1493855383257	4.4866486	-7.0450287	7.283203
1493855383257	-0.9713898	-6.9322968	1.4030304
1493855383257	-3.332962	-5.7321167	1.3895111
1493855383257	-3.2886505	-4.2834015	3.485962
1493855383257	-2.9134521	-3.6582794	4.3021393
1493855383257	-2.8467255	-3.580246	3.7353668
1493855383257	-2.0563507	-3.7928162	2.6575928
1493855383257	-1.4168701	-3.8900757	2.2497406
1493855383257	-1.0464935	-4.8908997	1.3885651
1493855383257	-1.1227875	-8.655197	-3.9420776
1493855383257	-0.28970337	-14.857025	-14.249649
1493855383257	2.9451447	-19.474823	-16.82286
1493855383257	3.5930176	-17.011032	-9.4201355
1493855383257	-0.02331543	-10.064621	-4.8727264
1493855383257	-2.6486664	-5.486969	-1.2972565
1493855383257	-4.6172333	-8.379715	1.8595581
1493855383257	-3.1807709	-13.975922	3.3997498
1493855383257	0.7136383	-14.1089325	-0.07154846
1493855383257	0.3661499	-9.242798	-1.3918762
1493855383257	-3.291336	-4.3339386	8.321854
1493855383257	-5.5212097	-6.3038635	7.6427155
1493855383257	-2.8693085	-11.209747	3.6558228
1493855383257	1.923233	-12.404617	4.2964325
1493855383257	4.588867	-11.400421	3.3389587
1493855383257	4.0224	-10.816238	1.01268
1493855383257	1.6141052	-10.226761	0.3295288
1493855383257	-0.6155853	-9.559128	1.1759796
1493855383257	-1.5565186	-9.417191	1.5566864
1493855383257	-1.3644562	-9.428284	1.1955414
1493855383257	-0.8209686	-9.2295685	0.77838135
1493855383257	0.083236694	-8.913467	0.6978607
1493855383257	1.308258	-8.723129	0.68263245
1493855383257	2.1867523	-8.640076	0.99572754
1493855383257	2.3983002	-9.1026	1.6414032
1493855383257	1.5926056	-9.468704	1.8864136
1493855383257	0.74243164	-9.590485	0.4557495
1493855383258	1.1969604	-10.072403	-2.163742
1493855383258	2.425003	-10.945053	-2.4173737
1493855383258	2.3732605	-11.227768	-0.3668213
1493855383258	1.1687317	-11.729279	-0.9955597
1493855383258	1.3541107	-12.394974	-1.3271332
1493855383258	2.9555664	-12.358719	-2.3294525
1493855383258	4.1821747	-13.193573	-5.0936737
1493855383258	6.4895477	-14.400909	-4.0570984
1493855383258	5.5445557	-14.94725	-2.9555817
1493855383258	-0.6706543	-15.096176	-6.057785
1493855383258	-5.356888	-14.093765	-0.8760376
1493855383258	-6.544449	-12.885132	7.8636475
1493855383258	-6.3392487	-13.542084	7.208191
1493855383258	-4.7567596	-15.057297	1.3879089
1493855383258	-3.8614197	-15.622498	-2.0570831
1493855383258	0.10151672	-12.504166	-0.97346497
1493855383258	5.1247406	-9.305618	1.4517059
1493855383258	4.766983	-8.808746	2.221054
1493855383258	1.3035126	-8.041946	0.31446838
1493855383258	-0.79444885	-6.8339996	0.7679138
1493855383258	-2.245163	-5.409012	2.5331573
1493855383258	-2.7497559	-3.6265106	3.5037842
1493855383258	-3.0885315	-3.647644	3.4407349
1493855383258	-2.6873932	-3.8616333	3.460495
1493855383258	-2.351944	-3.0129395	3.6547546
1493855383258	-2.3577118	-1.8416901	3.7260132
1493855383258	-1.8141327	-2.6579285	3.179657
1493855383258	-0.35220337	-7.3632507	-2.201645
1493855383258	1.6472626	-14.4384	-13.631866
1493855383258	3.2257538	-19.474823	-18.376068
1493855383258	3.6469727	-18.384094	-8.743149
1493855383258	0.2725525	-10.660767	-6.3173523
1493855383258	-3.3478699	-4.781616	-1.5509033
1493855383258	-3.6446075	-5.018448	4.2454987
1493855383258	-3.7838135	-13.359009	1.5323334
1493855383258	-0.85775757	-16.528427	-3.5058289
1493855383258	0.8487396	-12.05275	-2.107727
1493855383258	0.32817078	-4.2705536	8.722458
1493855383258	-4.8347626	-4.4513855	7.0079803
1493855383258	-3.937973	-9.865158	3.6461945
1493855383259	1.3878632	-13.3693695	4.57312
1493855383259	4.3940887	-12.267578	4.2402496
1493855383259	4.6732025	-10.839554	0.5553436
1493855383259	1.6204834	-10.066406	-0.19026184
1493855383259	-0.55355835	-9.503006	1.165802
1493855383259	-1.1104889	-9.057053	2.2861023
1493855383259	-0.9562988	-8.5233	1.96492
1493855383259	-0.83576965	-8.536179	1.0707855
1493855383259	-0.60920715	-9.266251	0.5460663
1493855383259	-0.15031433	-9.693359	-0.2973938
1493855383259	0.35113525	-9.238907	-0.25605774
1493855383259	0.683548	-9.100403	0.58976746
1493855383259	1.354065	-10.005051	0.9925842
1493855383259	2.3486938	-10.96225	0.7668457
1493855383259	3.3396149	-10.788254	-1.2990723
1493855383259	4.0723877	-10.656479	-2.6181793
1493855383259	2.7062073	-10.8862915	-1.3006287
1493855383259	0.19062805	-11.131912	-1.0312347
1493855383259	0.26249695	-11.55809	-1.3957062
1493855383259	2.3024597	-12.328629	-1.4058228
1493855383259	3.9302216	-13.126038	-3.5524292
1493855383259	5.383087	-13.297791	-4.5515137
1493855383259	5.086319	-13.210327	-4.712204
1493855383259	2.1802826	-13.556061	-3.7886658
1493855383259	-2.1336365	-13.562225	-1.7692719
1493855383259	-4.962021	-13.3508	5.45343
1493855383259	-6.5939026	-14.429626	7.858017
1493855383259	-6.8841705	-16.042267	2.8485565
1493855383259	-6.238983	-16.5242	-0.5774536
1493855383259	-1.4163818	-13.163681	-1.3456116
1493855383259	4.9098663	-9.622864	1.4257965
1493855383259	5.719803	-8.926834	2.0021362
1493855383259	2.5240936	-7.945862	0.2421875
1493855383259	-0.42536926	-6.7638397	1.280716
1493855383259	-2.5725403	-5.251938	2.879547
1493855383259	-3.0593567	-3.759674	3.2495728
1493855383259	-2.8936615	-3.7111359	3.1687164
1493855383259	-2.4240417	-4.2946625	2.889923
1493855383259	-2.1193542	-3.1650696	3.1103668
1493855383259	-1.9679565	-2.0586548	3.499054
1493855383259	-0.80488586	-2.4572449	3.5130157
1493855383259	0.3943634	-5.85614	0.68058777
1493855383259	0.04270935	-12.67981	-8.834305
1493855383260	3.8324127	-18.861618	-18.725586
1493855383260	8.628906	-19.474823	-9.323166
1493855383260	2.509201	-12.901291	-4.9067383
1493855383260	-2.414444	-4.7934265	-2.7591095
1493855383260	-4.947525	-4.417923	2.5264282
1493855383260	-5.7242126	-12.345657	2.3938904
1493855383260	-3.793213	-15.261719	2.888153
1493855383260	-3.3317413	-12.902939	-10.685562
1493855383260	-0.82722473	-4.7683716	13.098145
1493855383260	-2.3969116	-4.6302795	10.333221
1493855383260	0.30969238	-10.657455	2.2934113
1493855383260	2.8093872	-13.382324	4.54834
1493855383260	4.5907288	-12.209625	2.0747223
1493855383260	3.2883606	-10.681808	0.6268921
1493855383260	0.33250427	-9.708832	0.5865936
1493855383260	-1.9854584	-8.93956	1.5207977
1493855383260	-2.8955078	-9.47731	1.8444824
1493855383260	-2.0788422	-9.840393	1.0493164
1493855383260	-0.53660583	-9.411407	0.023086548
1493855383260	0.5591278	-8.275085	0.18309021
1493855383260	1.029953	-7.7307587	0.4178009
1493855383260	1.0574036	-7.8042603	0.53219604
1493855383260	1.0289001	-8.569107	1.2861176
1493855383260	1.1020508	-9.563431	1.7226563
1493855383260	0.8194275	-9.739166	1.2084656
1493855383260	0.14732361	-10.083649	-1.0479431
1493855383260	0.075668335	-11.073257	-2.2058258
1493855383260	0.8223114	-11.704208	-0.8532257
1493855383260	1.7296906	-11.915466	-0.78356934
1493855383260	3.0442505	-12.397385	-2.0955353
1493855383260	5.344055	-12.715591	-2.8830109
1493855383260	7.609619	-12.863831	-3.5188904
1493855383260	8.042328	-14.062607	-3.0999756
1493855383260	4.002762	-15.83046	-2.057129
1493855383260	-2.8412018	-15.676453	-4.202667
1493855383260	-7.393814	-13.845734	0.94203186
1493855383260	-7.8066254	-12.180664	8.195663
1493855383260	-5.76799	-13.242569	5.761307
1493855383260	-3.8168335	-15.2721405	-0.13023376
1493855383260	-3.1781006	-15.093842	-2.5729218
1493855383260	-0.7575531	-12.216187	0.046875
1493855383261	3.0884552	-9.636124	2.8262634
1493855383261	3.2389832	-9.210342	2.9606323
1493855383261	0.41723633	-8.691071	1.5285187
1493855383261	-1.8217773	-7.180893	1.3298492
1493855383261	-3.2384796	-5.6885834	2.8165894
1493855383261	-3.004486	-4.371582	3.4629364
1493855383261	-2.7521362	-3.9955902	3.2255096
1493855383261	-2.8078766	-3.8082275	3.031723
1493855383261	-2.2986908	-2.533371	3.309967
1493855383261	-1.4823761	-1.913971	3.6141815
1493855383261	-0.3282776	-3.6789093	2.4480286
1493855383261	0.26307678	-8.73024	-5.3208313
1493855383261	3.0585938	-16.544296	-16.11168
1493855383261	4.4675903	-19.474823	-10.193756
1493855383261	2.4812012	-14.627808	-5.348358
1493855383261	-0.45521545	-8.434692	-5.6474915
1493855383261	-1.1182861	-5.27063	-4.5812683
1493855383261	-4.779541	-11.387497	-4.4452972
1493855383261	-4.096222	-13.337341	5.094208
1493855383261	-2.6187286	-10.2365265	4.368332
1493855383261	-1.7786255	-7.1567993	1.800766
1493855383261	-1.3090363	-6.695587	5.8496704
1493855383261	0.27574158	-9.139069	5.729843
1493855383261	1.0934601	-11.945663	3.4912567
1493855383261	1.980072	-11.827209	4.4068146
1493855383261	2.4462738	-11.158356	3.9182587
1493855383261	1.3106232	-11.108215	1.3844452
1493855383261	-0.04650879	-10.368759	1.1101379
1493855383261	-1.0670929	-9.410217	1.7820435
1493855383261	-1.2749634	-9.097931	2.0763092
1493855383261	-1.0930328	-9.146423	1.2928467
1493855383261	-0.583786	-8.90303	0.5904846
1493855383261	0.115982056	-8.404129	0.07408142
1493855383261	0.35417175	-8.028198	-0.37805176
1493855383261	0.4306183	-7.8016663	-0.45892334
1493855383261	0.26472473	-9.369095	1.4735413
1493855383261	1.9603882	-10.886688	2.1425476
1493855383261	2.5883179	-10.499741	0.48580933
1493855383261	2.9789886	-10.162262	-2.8902588
1493855383261	3.439392	-11.583847	-2.3995056
1493855383262	1.565155	-12.217331	-0.7841797
1493855383262	-0.983963	-11.831909	-2.4515839
1493855383262	0.65242004	-11.819031	-2.2578583
1493855383262	4.1518707	-12.077652	-1.1091309
1493855383262	5.604904	-13.231064	-4.4904327
1493855383262	6.5772095	-14.689102	-2.288147
1493855383262	3.4732056	-15.031143	-3.2133179
1493855383262	-2.9919586	-14.320038	-1.7698059
1493855383262	-5.3891144	-13.135056	2.2600555
1493855383262	-4.552368	-12.5793	6.262665
1493855383262	-4.262253	-14.743225	4.7447205
1493855383262	-4.0211334	-16.936615	1.5730743
1493855383262	-3.1250763	-15.965851	-1.4824371
1493855383262	0.437088	-12.244171	0.1503601
1493855383262	4.136078	-10.018173	2.480835
1493855383262	3.789444	-9.540451	1.5877075
1493855383262	0.5331421	-8.280945	1.3553925
1493855383262	-2.2308502	-6.8133698	1.7537537
1493855383262	-2.951889	-4.8198547	3.254654
1493855383262	-2.866333	-3.5830078	3.4212952
1493855383262	-2.6670685	-3.3405914	3.3050385
1493855383262	-2.9068909	-2.6101837	3.484604
1493855383262	-2.9446106	-0.8477783	3.6293793
1493855383262	-2.3883667	-0.519516	3.3397827
1493855383262	-0.9503479	-2.920166	1.3195496
1493855383262	0.13995361	-9.217545	-9.010712
1493855383263	1.3038635	-16.643768	-19.722397
1493855383263	2.443039	-19.474823	-12.301071
1493855383263	0.9304962	-15.083679	-3.776535
1493855383263	-1.7649689	-8.042099	-4.852661
1493855383263	-3.8482056	-9.12915	-3.7387238
1493855383263	0.69818115	-14.319092	-3.8561249
1493855383263	3.6363678	-12.85379	3.430252
1493855383263	-2.2601318	-6.1985626	5.8477783
1493855383263	-7.2874146	-3.0908966	3.4469757
1493855383263	-5.409424	-5.6007996	5.6190796
1493855383263	-1.4639893	-10.6480255	6.1438446
1493855383263	1.4533844	-13.479614	5.103012
1493855383263	4.3851166	-12.715988	2.8405151
1493855383263	4.324341	-11.096909	1.1030273
1493855383263	1.6187592	-9.590057	0.63630676
1493855383263	-0.84140015	-8.605133	1.8389893
1493855383263	-2.010025	-8.829254	2.1934204
1493855383263	-2.122345	-9.478836	1.4385681
1493855383263	-1.4204712	-9.904907	0.8286743
1493855383263	-0.67585754	-9.728775	0.25238037
1493855383263	0.16459656	-9.014389	0.51802063
1493855383263	1.4116058	-8.56926	0.61586
1493855383263	2.413391	-8.783463	0.680603
1493855383263	2.446762	-9.653946	1.2375946
1493855383263	1.980011	-10.139664	0.9697571
1493855383263	1.8326874	-10.133972	-0.32496643
1493855383263	1.9223938	-10.646896	-1.77565
1493855383263	1.6393127	-11.536087	-2.1051178
1493855383263	0.6817932	-11.715973	-1.6957245
1493855383263	0.23472595	-11.651077	-2.1694183
1493855383263	1.2444458	-11.86879	-1.8451233
1493855383263	3.0502777	-12.069305	-2.0151215
1493855383263	5.505295	-13.616013	-3.5948792
1493855383263	7.104645	-14.5898285	-1.255127
1493855383263	1.907074	-14.253937	-4.2122498
1493855383263	-3.0218964	-14.534943	-3.7894592
1493855383263	-4.0998535	-13.286407	3.6589966
1493855383263	-4.381424	-12.920395	7.794861
1493855383263	-3.4616547	-14.439545	5.729599
1493855383263	-3.315445	-16.260193	0.64959717
1493855383268	-1.9497986	-14.618866	-2.815216
1493855383268	1.581131	-10.8450775	0.64630127
1493855383268	4.460724	-9.556808	3.3783264
1493855383268	1.8397827	-9.201096	1.7936707
1493855383268	-0.35932922	-7.5668945	0.24517822
1493855383268	-2.6447906	-6.7464905	1.6751251
1493855383268	-3.4282532	-5.765976	3.427887
1493855383268	-3.0327606	-4.8837433	3.3703613
1493855383268	-3.2209473	-5.1559143	2.9563446
1493855383268	-3.0997772	-4.3805695	3.2505035
1493855383269	-3.3399506	-2.5555267	3.3078613
1493855383269	-2.944641	-1.5708313	3.0441742
1493855383269	-1.3965149	-3.0473328	1.733078
1493855383269	0.9979248	-7.8157806	-3.8582
1493855383269	3.5898743	-14.647186	-14.604294
1493855383269	6.9437103	-19.474823	-16.212204
1493855383269	4.5148926	-17.366562	-3.6072235
1493855383269	0.7584686	-9.108475	-4.5695496
1493855383269	-3.192871	-6.1145782	-3.8547058
1493855383269	-3.7644196	-10.936584	0.32325745
1493855383269	1.166153	-17.733078	-0.21385193
1493855383269	2.3395233	-13.803757	3.0090027
1493855383269	-8.005859	-3.3957825	-1.8875275
1493855383269	-11.983032	0.23547363	3.1864166
1493855383269	-6.336838	-5.905609	12.0889435
1493855383269	2.695938	-14.875885	6.502289
1493855383269	7.14946	-16.673431	2.500763
1493855383269	7.8759155	-13.154434	-0.13014221
1493855383269	4.040756	-9.666	0.93862915
1493855383269	-0.15939331	-8.021973	1.3480377
1493855383269	-2.598709	-8.494812	1.374527
1493855383269	-2.8510742	-9.691254	2.385315
1493855383269	-1.9136353	-10.205948	1.957077
1493855383269	-1.367096	-9.568253	1.2365875
1493855383269	-0.92633057	-8.483887	0.39616394
1493855383269	-0.12606812	-8.108093	0.3000946
1493855383269	0.46658325	-8.251373	0.82740784
1493855383269	0.87586975	-8.814346	1.0769958
1493855383269	1.7176208	-9.839508	1.346817
1493855383269	2.4174805	-10.389267	0.3672638
1493855383269	2.940445	-10.034622	-1.1319885
1493855383269	2.3433075	-10.3862	-0.61320496
1493855383269	0.09577942	-11.117676	-0.34649658
1493855383269	-1.0540771	-11.252258	-1.7002411
1493855383269	0.4623108	-11.885834	-2.411209
1493855383269	4.107849	-13.365952	-2.6646576
1493855383269	7.332962	-14.503235	-1.2082672
1493855383269	6.0616913	-15.003265	-1.5857697
1493855383269	-0.5977478	-14.959274	-6.096451
1493855383269	-5.979126	-14.3063965	-4.521698
1493855383269	-6.775757	-12.453995	3.9496918
1493855383270	-4.9539948	-11.688477	7.586212
1493855383270	-4.0934753	-13.233246	5.012985
1493855383270	-4.0028076	-14.94426	-1.2148895
1493855383270	-2.0625916	-13.88121	-2.8305511
1493855383270	1.6767426	-10.78772	0.38926697
1493855383270	2.958969	-9.597855	3.202057
1493855383270	0.9627075	-9.253159	1.9870148
1493855383270	-0.52919006	-8.062012	0.41853333
1493855383270	-1.9282379	-7.270355	1.4258118
1493855383270	-2.7873077	-6.098572	2.9008942
1493855383270	-2.3974152	-4.6674347	2.2928162
1493855383270	-2.358368	-4.3438263	2.1110992
1493855383270	-2.391922	-3.7720032	2.1892242
1493855383270	-2.1198273	-2.4512482	2.3981323
1493855383270	-2.1465454	-1.5906982	3.0042725
1493855383270	-1.8250732	-3.0850525	2.5615387
1493855383270	-0.26834106	-8.139328	-1.9261017
1493855383270	2.7013397	-15.285156	-13.060898
1493855383270	5.9714203	-19.45607	-19.69255
1493855383270	3.3274841	-19.38478	-9.422028
1493855383270	0.20019531	-9.560257	-5.104782
1493855383271	-2.0872192	-3.9520416	-0.74443054
1493855383271	-2.9941864	-6.397049	3.6056213
1493855383271	-1.2197723	-16.12851	-2.3925018
1493855383271	1.360199	-16.0475	-0.27871704
1493855383271	-3.01651	-6.613861	1.151947
1493855383271	-6.8446045	-2.384262	2.405838
1493855383271	-7.555023	-6.2451477	10.483505
1493855383271	-1.7225342	-13.900757	6.862076
1493855383271	2.4465637	-14.221481	3.8171997
1493855383271	3.6323547	-11.502792	3.2340546
1493855383271	3.1785736	-9.609741	2.599411
1493855383271	1.5202942	-10.526489	1.4178467
1493855383271	-0.26365662	-10.373123	1.5527039
1493855383271	-1.5375366	-10.190842	2.2542877
1493855383271	-2.0190277	-9.975342	1.9273529
1493855383271	-1.5301514	-9.246582	1.3404999
1493855383271	-0.84510803	-8.495209	0.2292633
1493855383271	0.115112305	-8.357651	0.20982361
1493855383271	1.1319122	-8.492767	0.14743042
1493855383271	1.4579773	-8.592743	0.67333984
1493855383271	1.6070862	-8.965149	1.5341797
1493855383271	1.9129181	-9.444046	2.1787567
1493855383271	2.218811	-9.7270355	1.902832
1493855383271	2.1726532	-9.83316	0.13076782
1493855383271	1.5216217	-10.366211	-1.7297211
1493855383271	0.5410156	-10.604599	-2.2398376
1493855383271	-0.30801392	-10.899506	-0.94252014
1493855383271	0.53630066	-11.528015	-0.5948639
1493855383271	2.7536774	-12.054382	-1.1123047
1493855383271	4.6785583	-12.525482	-1.8796082
1493855383271	5.388855	-12.587021	-1.5367126
1493855383271	3.610382	-12.594543	-1.5801697
1493855383271	-0.05621338	-13.287048	-3.750702
1493855383271	-3.3773956	-13.936127	-4.30925
1493855383271	-4.8530426	-13.493301	-1.2088776
1493855383271	-5.61763	-12.585785	5.008835
1493855383271	-6.5224915	-12.38028	7.6555176
1493855383271	-5.744995	-12.772598	3.59169
1493855383271	-4.0806427	-12.67189	-1.6591797
1493855383271	-1.4661255	-11.713425	-3.5802917
1493855383272	1.6236725	-10.599304	-0.65049744
1493855383272	1.5167847	-9.955795	2.8465576
1493855383272	-0.5281067	-8.710114	2.829193
1493855383272	-2.716095	-7.563431	1.4662933
1493855383272	-3.7540436	-7.1670837	1.2037659
1493855383272	-3.4064178	-6.898224	1.189682
1493855383272	-3.0848083	-6.349869	1.2686005
1493855383272	-2.7128448	-5.349655	1.7122345
1493855383272	-2.1130676	-3.7462769	2.6380005
1493855383272	-1.2174225	-2.9454498	2.8504486
1493855383272	-0.15156555	-4.1132813	2.4099884
1493855383272	1.1222382	-6.4810486	1.4071198
1493855383272	2.2750854	-9.601517	-3.1905975
1493855383272	4.02034	-14.7108	-15.761429
1493855383272	3.8935242	-17.370422	-19.075546
1493855383272	0.9529724	-13.845673	-7.2495117
1493855383272	-0.5820923	-10.038376	-3.9286041
1493855383272	-1.9856415	-6.7678223	-0.96946716
1493855383272	-2.800949	-4.3411255	1.6357574
1493855383272	-2.8558655	-9.270477	-0.559845
1493855383272	-0.90722656	-17.312378	-2.1794128
1493855383272	-2.3074188	-19.362228	-7.0844116
1493855383272	3.3164673	-15.775955	-9.64978
1493855383272	0.11306763	-6.598007	6.3268433
1493855383272	-5.0193787	1.1329651	13.563538
1493855383272	-6.5643005	-0.2870636	2.4213257
1493855383272	-2.8690033	-10.157883	-0.6251221
1493855383272	6.3947906	-16.195831	4.296509
1493855383272	4.9636383	-16.312515	4.051529
1493855383272	-0.3353424	-12.979294	-1.0362396
1493855383272	1.7024231	-9.081848	-2.6899261
1493855383272	-0.8357086	-6.452179	4.8240814
1493855383272	-3.0548859	-7.8664856	0.61305237
1493855383272	-1.4313202	-9.442734	-0.20204163
1493855383272	0.5860901	-9.843109	1.3018951
1493855383272	0.7905884	-10.6002655	0.6275482
1493855383272	-0.29223633	-10.821732	1.7575073
1493855383272	-0.60791016	-11.237396	0.6378937
1493855383273	1.2654877	-9.14859	0.34552002
1493855383273	1.4368896	-9.045273	0.78071594
1493855383273	1.0343628	-9.942291	0.81803894
1493855383273	-0.19171143	-11.3441925	1.078186
1493855383273	-0.22731018	-10.440918	0.7875519
1493855383273	0.8643799	-9.210571	0.20387268
1493855383273	-0.5332794	-8.269806	1.9910431
1493855383273	-2.3577423	-8.728867	2.5648804
1493855383273	-4.456909	-8.715424	2.684021
1493855383273	-6.4996796	-9.56694	4.218033
1493855383273	-2.1802368	-8.556564	-0.53663635
1493855383273	2.0467987	-10.3472595	0.7591095
1493855383273	9.042145	-11.29184	3.4775696
1493855383273	7.712967	-11.325623	4.310425
1493855383273	-4.5281677	-8.129318	1.1109619
1493855383273	-4.128113	-10.257217	0.9805908
1493855383273	2.2509918	-11.217621	-0.5667877
1493855383273	6.307434	-7.64476	-0.0149383545
1493855383273	1.5439148	-8.737961	3.5337372
1493855383273	-8.276474	-9.579712	6.234192
1493855383273	-8.965683	-10.860336	3.9437714
1493855383273	-1.6135712	-13.6861725	1.0950775
1493855383273	-8.655624	-14.430588	3.9906006
1493855383273	-7.1172485	-14.676376	4.7226257
1493855383273	1.32724	-12.115311	5.2870026
1493855383273	6.081787	-9.741409	7.3693237
1493855383273	3.3444672	-9.26062	7.3725433
1493855383273	1.9404144	-7.3812714	-0.8510895
1493855383273	0.5492554	-8.899857	-5.4978943
1493855383273	-4.318054	-15.959213	-2.0321808
1493855383273	-3.3876038	-15.3459015	0.47302246
1493855383273	0.068878174	-15.976074	3.7891083
1493855383273	6.2196655	-16.249207	4.8843384
1493855383273	4.2590027	-16.652954	-0.7366333
1493855383273	-0.021072388	-13.358002	0.17999268
1493855383273	2.107544	-14.119583	6.2414246
1493855383273	0.9723511	-14.393585	7.6469727
1493855383273	-0.17999268	-13.066116	6.7213135
1493855383273	2.6493835	-10.916046	-1.1434326
1493855383273	1.1152802	-7.5744324	-2.152832
1493855383273	14.500977	-1.3120575	-0.19784546
1493855383274	17.580261	2.3474274	3.757782
1493855383274	13.054642	0.9581604	7.9530487
1493855383274	9.955963	-2.2696686	9.1328125
1493855383274	6.949951	-5.2359314	6.443451
1493855383274	4.6561737	-6.9008484	6.29364
1493855383274	3.1085663	-7.2857666	5.891266
1493855383274	3.1037292	-8.041519	4.6910553
1493855383274	3.5778503	-12.753677	5.2137146
1493855383274	2.1470184	-16.359009	6.4331512
1493855383274	0.9072876	-12.256409	3.9776917
1493855383274	-2.4972382	-7.0093536	1.3251495
1493855383274	-6.0845947	-4.879944	0.8536835
1493855383274	-6.8005066	-2.8143158	2.0104828
1493855383274	-6.980362	-0.14199829	4.022766
1493855383274	-4.550812	3.7286072	1.7772217
1493855383274	0.6531372	3.2091522	2.179657
1493855383274	18.45752	2.5152588	19.092972
1493855383274	19.407486	3.4043274	19.245499
1493855383274	2.0181274	-0.8193054	8.968857
1493855383274	2.9293365	-3.1224518	7.0385284
1493855383274	1.5919342	1.4790192	9.202911
1493855383274	3.7817078	1.0148315	8.858124
1493855383274	2.6476135	-0.6110077	9.660004
1493855383274	2.527954	0.15771484	8.55246
1493855383274	2.328659	0.36621094	9.019516
1493855383274	1.8648071	0.7851715	9.825912
1493855383274	2.1569366	0.9405823	9.949799
1493855383274	2.6983795	0.95635986	8.636932
1493855383274	1.6328888	0.79748535	8.863205
1493855383274	0.7249603	1.093689	8.819977
1493855383274	0.9931793	0.82318115	8.529358
1493855383274	0.6635895	1.6798706	8.714142
1493855383274	-0.55618286	2.2968903	9.580017
1493855383274	-0.6442108	2.3123932	9.288788
1493855383274	-0.59935	1.7996979	9.456467
1493855383274	-0.50912476	1.6762238	10.148102
1493855383274	-0.627182	1.8822937	10.649979
1493855383274	-0.58540344	2.0615387	10.634735
1493855383274	-0.23991394	2.0953674	10.091248
1493855383275	-0.9007416	2.1121674	9.638596
1493855383275	-2.0365295	2.2872772	10.0624695
1493855383275	-1.1386108	2.3911896	10.851868
1493855383275	-0.4056549	1.9749451	11.540878
1493855383282	0.3609619	1.5130463	11.159393
1493855383301	0.8441925	0.98753357	10.436554
1493855383322	0.40522766	0.83999634	9.981888
1493855383342	-0.78500366	1.4256897	7.7536163
1493855383362	-1.8942108	1.689148	7.8511047
1493855383380	-0.64575195	1.4909515	9.793869
1493855383401	0.8688812	1.647049	8.576721
1493855383425	0.51641846	1.769516	8.232651
1493855383441	0.49198914	2.2180176	8.326981
1493855383461	0.7289734	2.115265	8.563049
1493855383482	0.5680847	2.2012177	8.950424
1493855383502	0.4308319	2.5282745	8.998825
1493855383521	0.13531494	2.9207	10.210632
1493855383540	-0.9439697	3.1376648	11.450119
1493855383560	-1.3475037	3.3673553	10.920868
1493855383580	0.20594788	5.052887	11.641113
1493855383600	1.6439056	5.0042267	11.230972
1493855383620	1.4906616	1.7051239	9.357071
1493855383640	-0.47123718	1.1746521	9.344559
1493855383660	-2.4815674	2.8034515	9.8437805
1493855383679	-2.9056702	4.269165	8.547882
1493855383700	-1.3855743	4.426071	7.33461
1493855383719	0.096328735	4.188492	8.091232
1493855383738	-0.068222046	3.666336	8.680389
1493855383759	-1.1288605	2.6093597	8.168442
1493855383779	-1.8163147	1.7368469	8.120316
1493855383804	-1.6117554	1.991333	9.619843
1493855383819	-0.53552246	2.6681824	10.663269
1493855383840	-0.41125488	2.8365326	10.268372
1493855383860	-1.6672058	2.352478	9.482452
1493855383878	-2.5974731	1.9140778	9.586365
1493855383898	-2.3149414	1.6610565	10.124344
1493855383917	-1.3426971	2.0605927	10.304565
1493855383937	-1.2576599	2.2028503	8.704987
1493855383957	-1.6250305	2.2315674	6.8982086
1493855383978	-1.4760437	2.6799011	7.1213074
1493855383997	-0.5904999	3.3446808	9.225983
1493855384017	-0.39718628	2.930008	9.830261
1493855384037	-0.7923584	2.3906708	9.270004
1493855384057	-1.5139465	1.8856659	8.423477
1493855384077	-0.3916626	2.6333923	7.823807
1493855384097	0.46299744	3.7172241	8.056793
1493855384116	-0.3025818	3.4076843	8.984283
1493855384157	-0.63116455	2.4153595	9.452225
1493855384177	-0.6340637	2.0087128	8.671982
1493855384196	-0.39993286	2.3138123	7.3861084
1493855384216	0.35375977	3.2508698	7.7658386
1493855384236	0.9319153	3.765442	9.059677
1493855384255	1.1373444	3.4276276	9.924561
1493855384275	0.35891724	2.2878876	9.268173
1493855384295	-0.40786743	1.4784851	9.776703
1493855384315	-0.6323395	1.7954559	10.555618
1493855384335	-0.30485535	2.6308746	11.0138855
1493855384355	0.6871643	2.669403	10.998016
1493855384375	1.0497894	2.2797852	10.582581
1493855384395	0.9541168	1.606247	10.374893
1493855384414	0.4454956	1.5667267	10.073196
1493855384434	-0.3937378	2.0601654	9.511597
1493855384454	-0.58078	2.174942	9.758667
1493855384474	0.052200317	1.8255157	11.035156
1493855384494	0.38391113	1.5937958	12.425446
1493855384513	0.13952637	1.6247711	12.128433
1493855384534	-0.35131836	1.8757019	10.415054
1493855384553	-0.6917877	2.3302917	9.160355
1493855384573	-0.3587036	2.8886566	9.117554
1493855384593	0.190094	3.0287628	9.694504
1493855384613	-0.2885437	2.559784	9.819199
1493855384633	-0.70906067	2.145111	10.00029
1493855384652	-0.4491272	2.2936249	10.282227
1493855384672	-0.438385	2.621933	9.959106
1493855384692	-1.1160583	2.5421448	9.352783
1493855384712	-1.3932953	2.2317047	9.686813
1493855384732	-0.7355499	2.3777008	10.530243
1493855384752	-0.24440002	2.726532	10.402908
1493855384772	-0.5992737	2.7817078	9.523315
1493855384791	-1.2965546	2.5467834	9.249008
1493855384811	-1.5773926	2.2608337	9.2057495
1493855384831	-1.5389099	2.566925	7.6716766
1493855384851	-1.2493134	3.1231995	8.250824
1493855384871	-1.0257568	3.0431366	10.503738
1493855384890	-0.94470215	2.8977966	10.680267
